{"total": {"lines":{"total":3843,"covered":3291,"skipped":0,"pct":85.63},"statements":{"total":3843,"covered":3291,"skipped":0,"pct":85.63},"functions":{"total":228,"covered":201,"skipped":0,"pct":88.15},"branches":{"total":793,"covered":568,"skipped":0,"pct":71.62},"branchesTrue":{"total":0,"covered":0,"skipped":0,"pct":100}}
,"/Volumes/MestorBox01/test_code/game/src/audio/sfx.ts": {"lines":{"total":197,"covered":135,"skipped":0,"pct":68.52},"functions":{"total":12,"covered":10,"skipped":0,"pct":83.33},"statements":{"total":197,"covered":135,"skipped":0,"pct":68.52},"branches":{"total":58,"covered":37,"skipped":0,"pct":63.79}}
,"/Volumes/MestorBox01/test_code/game/src/core/ghost.ts": {"lines":{"total":28,"covered":28,"skipped":0,"pct":100},"functions":{"total":1,"covered":1,"skipped":0,"pct":100},"statements":{"total":28,"covered":28,"skipped":0,"pct":100},"branches":{"total":9,"covered":9,"skipped":0,"pct":100}}
,"/Volumes/MestorBox01/test_code/game/src/core/hold.ts": {"lines":{"total":42,"covered":42,"skipped":0,"pct":100},"functions":{"total":4,"covered":4,"skipped":0,"pct":100},"statements":{"total":42,"covered":42,"skipped":0,"pct":100},"branches":{"total":10,"covered":10,"skipped":0,"pct":100}}
,"/Volumes/MestorBox01/test_code/game/src/core/board/index.ts": {"lines":{"total":81,"covered":74,"skipped":0,"pct":91.35},"functions":{"total":3,"covered":3,"skipped":0,"pct":100},"statements":{"total":81,"covered":74,"skipped":0,"pct":91.35},"branches":{"total":34,"covered":31,"skipped":0,"pct":91.17}}
,"/Volumes/MestorBox01/test_code/game/src/core/collision/index.ts": {"lines":{"total":45,"covered":45,"skipped":0,"pct":100},"functions":{"total":2,"covered":2,"skipped":0,"pct":100},"statements":{"total":45,"covered":45,"skipped":0,"pct":100},"branches":{"total":18,"covered":16,"skipped":0,"pct":88.88}}
,"/Volumes/MestorBox01/test_code/game/src/core/game-loop/index.ts": {"lines":{"total":670,"covered":567,"skipped":0,"pct":84.62},"functions":{"total":27,"covered":27,"skipped":0,"pct":100},"statements":{"total":670,"covered":567,"skipped":0,"pct":84.62},"branches":{"total":104,"covered":67,"skipped":0,"pct":64.42}}
,"/Volumes/MestorBox01/test_code/game/src/core/gravity/index.ts": {"lines":{"total":63,"covered":56,"skipped":0,"pct":88.88},"functions":{"total":2,"covered":2,"skipped":0,"pct":100},"statements":{"total":63,"covered":56,"skipped":0,"pct":88.88},"branches":{"total":11,"covered":9,"skipped":0,"pct":81.81}}
,"/Volumes/MestorBox01/test_code/game/src/core/next-queue/index.ts": {"lines":{"total":38,"covered":34,"skipped":0,"pct":89.47},"functions":{"total":2,"covered":2,"skipped":0,"pct":100},"statements":{"total":38,"covered":34,"skipped":0,"pct":89.47},"branches":{"total":4,"covered":3,"skipped":0,"pct":75}}
,"/Volumes/MestorBox01/test_code/game/src/core/rng/index.ts": {"lines":{"total":68,"covered":59,"skipped":0,"pct":86.76},"functions":{"total":7,"covered":6,"skipped":0,"pct":85.71},"statements":{"total":68,"covered":59,"skipped":0,"pct":86.76},"branches":{"total":13,"covered":13,"skipped":0,"pct":100}}
,"/Volumes/MestorBox01/test_code/game/src/core/scoring/index.ts": {"lines":{"total":51,"covered":45,"skipped":0,"pct":88.23},"functions":{"total":4,"covered":4,"skipped":0,"pct":100},"statements":{"total":51,"covered":45,"skipped":0,"pct":88.23},"branches":{"total":8,"covered":4,"skipped":0,"pct":50}}
,"/Volumes/MestorBox01/test_code/game/src/core/srs/index.ts": {"lines":{"total":398,"covered":390,"skipped":0,"pct":97.98},"functions":{"total":14,"covered":14,"skipped":0,"pct":100},"statements":{"total":398,"covered":390,"skipped":0,"pct":97.98},"branches":{"total":46,"covered":39,"skipped":0,"pct":84.78}}
,"/Volumes/MestorBox01/test_code/game/src/core/state-machine/index.ts": {"lines":{"total":95,"covered":92,"skipped":0,"pct":96.84},"functions":{"total":7,"covered":7,"skipped":0,"pct":100},"statements":{"total":95,"covered":92,"skipped":0,"pct":96.84},"branches":{"total":21,"covered":19,"skipped":0,"pct":90.47}}
,"/Volumes/MestorBox01/test_code/game/src/input/control-scheme.ts": {"lines":{"total":343,"covered":232,"skipped":0,"pct":67.63},"functions":{"total":25,"covered":16,"skipped":0,"pct":64},"statements":{"total":343,"covered":232,"skipped":0,"pct":67.63},"branches":{"total":78,"covered":45,"skipped":0,"pct":57.69}}
,"/Volumes/MestorBox01/test_code/game/src/render/canvas-renderer.ts": {"lines":{"total":263,"covered":228,"skipped":0,"pct":86.69},"functions":{"total":18,"covered":17,"skipped":0,"pct":94.44},"statements":{"total":263,"covered":228,"skipped":0,"pct":86.69},"branches":{"total":65,"covered":47,"skipped":0,"pct":72.3}}
,"/Volumes/MestorBox01/test_code/game/src/storage/local.ts": {"lines":{"total":233,"covered":187,"skipped":0,"pct":80.25},"functions":{"total":22,"covered":21,"skipped":0,"pct":95.45},"statements":{"total":233,"covered":187,"skipped":0,"pct":80.25},"branches":{"total":67,"covered":42,"skipped":0,"pct":62.68}}
,"/Volumes/MestorBox01/test_code/game/src/ui/app.ts": {"lines":{"total":422,"covered":349,"skipped":0,"pct":82.7},"functions":{"total":33,"covered":20,"skipped":0,"pct":60.6},"statements":{"total":422,"covered":349,"skipped":0,"pct":82.7},"branches":{"total":88,"covered":58,"skipped":0,"pct":65.9}}
,"/Volumes/MestorBox01/test_code/game/src/ui/debug-overlay.ts": {"lines":{"total":121,"covered":112,"skipped":0,"pct":92.56},"functions":{"total":8,"covered":8,"skipped":0,"pct":100},"statements":{"total":121,"covered":112,"skipped":0,"pct":92.56},"branches":{"total":32,"covered":29,"skipped":0,"pct":90.62}}
,"/Volumes/MestorBox01/test_code/game/src/ui/hud.ts": {"lines":{"total":1,"covered":1,"skipped":0,"pct":100},"functions":{"total":0,"covered":0,"skipped":0,"pct":100},"statements":{"total":1,"covered":1,"skipped":0,"pct":100},"branches":{"total":0,"covered":0,"skipped":0,"pct":100}}
,"/Volumes/MestorBox01/test_code/game/src/ui/hud.tsx": {"lines":{"total":220,"covered":209,"skipped":0,"pct":95},"functions":{"total":10,"covered":10,"skipped":0,"pct":100},"statements":{"total":220,"covered":209,"skipped":0,"pct":95},"branches":{"total":50,"covered":40,"skipped":0,"pct":80}}
,"/Volumes/MestorBox01/test_code/game/src/ui/settings-panel.ts": {"lines":{"total":239,"covered":215,"skipped":0,"pct":89.95},"functions":{"total":10,"covered":10,"skipped":0,"pct":100},"statements":{"total":239,"covered":215,"skipped":0,"pct":89.95},"branches":{"total":36,"covered":25,"skipped":0,"pct":69.44}}
,"/Volumes/MestorBox01/test_code/game/src/ui/touch-feedback.ts": {"lines":{"total":124,"covered":108,"skipped":0,"pct":87.09},"functions":{"total":6,"covered":6,"skipped":0,"pct":100},"statements":{"total":124,"covered":108,"skipped":0,"pct":87.09},"branches":{"total":18,"covered":11,"skipped":0,"pct":61.11}}
,"/Volumes/MestorBox01/test_code/game/src/utils/raf-loop.ts": {"lines":{"total":101,"covered":83,"skipped":0,"pct":82.17},"functions":{"total":11,"covered":11,"skipped":0,"pct":100},"statements":{"total":101,"covered":83,"skipped":0,"pct":82.17},"branches":{"total":23,"covered":14,"skipped":0,"pct":60.86}}
}
