TN:
SF:src/audio/sfx.ts
FN:29,defaultCreateAudioContext
FN:49,clamp
FN:53,createSfxManager
FN:66,ensureContext
FN:92,unlock
FN:123,loadSample
FN:157,updateGainNode
FN:164,setVolume
FN:169,setMuted
FN:174,play
FN:213,dispose
FN:244,getState
FNF:12
FNH:10
FNDA:0,defaultCreateAudioContext
FNDA:1,clamp
FNDA:6,createSfxManager
FNDA:13,ensureContext
FNDA:7,unlock
FNDA:4,loadSample
FNDA:4,updateGainNode
FNDA:1,setVolume
FNDA:3,setMuted
FNDA:4,play
FNDA:1,dispose
FNDA:0,getState
DA:27,1
DA:29,0
DA:30,0
DA:31,0
DA:32,0
DA:34,0
DA:35,0
DA:37,0
DA:38,0
DA:39,0
DA:41,0
DA:42,0
DA:43,0
DA:44,0
DA:45,0
DA:46,0
DA:47,0
DA:49,1
DA:50,1
DA:51,1
DA:53,1
DA:54,6
DA:55,6
DA:56,6
DA:58,6
DA:59,6
DA:60,6
DA:61,6
DA:62,6
DA:63,6
DA:64,6
DA:66,6
DA:67,13
DA:68,0
DA:69,0
DA:71,13
DA:72,7
DA:73,7
DA:75,6
DA:76,13
DA:77,0
DA:78,0
DA:80,6
DA:81,13
DA:82,13
DA:83,13
DA:84,13
DA:85,13
DA:86,0
DA:87,0
DA:89,6
DA:90,13
DA:92,6
DA:93,7
DA:94,0
DA:95,0
DA:97,7
DA:98,7
DA:99,0
DA:100,0
DA:102,7
DA:103,1
DA:104,1
DA:105,1
DA:107,6
DA:108,6
DA:109,6
DA:110,6
DA:111,6
DA:112,6
DA:113,0
DA:114,0
DA:115,6
DA:116,6
DA:117,6
DA:118,6
DA:120,6
DA:121,7
DA:123,6
DA:124,4
DA:125,0
DA:126,0
DA:128,4
DA:129,1
DA:130,1
DA:132,4
DA:133,0
DA:134,0
DA:136,3
DA:137,4
DA:138,0
DA:139,0
DA:141,3
DA:142,3
DA:143,3
DA:144,3
DA:145,3
DA:146,3
DA:147,3
DA:148,3
DA:149,0
DA:150,0
DA:151,3
DA:153,3
DA:154,3
DA:155,4
DA:157,6
DA:158,4
DA:159,0
DA:160,0
DA:161,4
DA:162,4
DA:164,6
DA:165,1
DA:166,1
DA:167,1
DA:169,6
DA:170,3
DA:171,3
DA:172,3
DA:174,6
DA:175,4
DA:176,1
DA:177,1
DA:179,4
DA:180,0
DA:181,0
DA:182,0
DA:183,0
DA:184,0
DA:185,0
DA:187,3
DA:188,3
DA:189,4
DA:190,2
DA:191,2
DA:193,4
DA:194,4
DA:195,4
DA:196,4
DA:197,0
DA:198,0
DA:199,4
DA:200,0
DA:201,0
DA:203,1
DA:204,1
DA:205,1
DA:206,1
DA:207,4
DA:208,0
DA:209,0
DA:210,0
DA:211,4
DA:213,6
DA:214,1
DA:215,0
DA:216,0
DA:217,1
DA:218,1
DA:219,1
DA:220,1
DA:222,1
DA:223,1
DA:224,1
DA:225,1
DA:227,1
DA:228,1
DA:229,1
DA:230,1
DA:232,0
DA:233,1
DA:235,1
DA:236,1
DA:237,1
DA:238,1
DA:239,0
DA:240,0
DA:241,1
DA:242,1
DA:244,6
DA:245,0
DA:246,0
DA:247,0
DA:248,0
DA:249,0
DA:250,0
DA:252,6
DA:253,6
DA:254,6
DA:255,6
DA:256,6
DA:257,6
DA:258,6
DA:259,6
DA:260,6
DA:261,6
LF:197
LH:135
BRDA:49,0,0,1
BRDA:53,1,0,6
BRDA:54,2,0,0
BRDA:66,3,0,13
BRDA:67,4,0,0
BRDA:71,5,0,7
BRDA:73,6,0,6
BRDA:76,7,0,0
BRDA:78,8,0,6
BRDA:81,9,0,0
BRDA:81,10,0,6
BRDA:82,11,0,6
BRDA:85,12,0,0
BRDA:87,13,0,6
BRDA:92,14,0,7
BRDA:93,15,0,0
BRDA:98,16,0,0
BRDA:102,17,0,1
BRDA:105,18,0,6
BRDA:109,19,0,6
BRDA:115,20,0,6
BRDA:123,21,0,4
BRDA:124,22,0,0
BRDA:128,23,0,1
BRDA:130,24,0,3
BRDA:132,25,0,0
BRDA:134,26,0,3
BRDA:137,27,0,0
BRDA:139,28,0,3
BRDA:142,29,0,3
BRDA:143,30,0,3
BRDA:157,31,0,4
BRDA:158,32,0,0
BRDA:161,33,0,2
BRDA:161,34,0,2
BRDA:164,35,0,1
BRDA:169,36,0,3
BRDA:174,37,0,4
BRDA:175,38,0,1
BRDA:177,39,0,3
BRDA:179,40,0,0
BRDA:185,41,0,3
BRDA:189,42,0,2
BRDA:189,43,0,1
BRDA:189,44,0,2
BRDA:191,45,0,1
BRDA:193,46,0,0
BRDA:196,47,0,0
BRDA:196,48,0,0
BRDA:198,49,0,1
BRDA:199,50,0,0
BRDA:199,51,0,0
BRDA:201,52,0,1
BRDA:207,53,0,0
BRDA:213,54,0,1
BRDA:214,55,0,0
BRDA:230,56,0,0
BRDA:238,57,0,0
BRF:58
BRH:37
end_of_record
TN:
SF:src/core/ghost.ts
FN:16,computeGhostPosition
FNF:1
FNH:1
FNDA:177,computeGhostPosition
DA:1,1
DA:4,1
DA:16,1
DA:17,177
DA:18,1
DA:19,1
DA:21,176
DA:22,176
DA:24,177
DA:25,1
DA:26,1
DA:28,175
DA:30,177
DA:31,1641
DA:32,1641
DA:33,1641
DA:34,1641
DA:35,1641
DA:36,1641
DA:37,175
DA:38,175
DA:39,1466
DA:40,1466
DA:42,175
DA:43,175
DA:44,175
DA:45,175
DA:46,175
LF:28
LH:28
BRDA:16,0,0,177
BRDA:17,1,0,1
BRDA:19,2,0,176
BRDA:24,3,0,1
BRDA:26,4,0,175
BRDA:30,5,0,1641
BRDA:36,6,0,175
BRDA:38,7,0,1466
BRDA:40,8,0,175
BRF:9
BRH:9
end_of_record
TN:
SF:src/core/hold.ts
FN:20,createHoldState
FN:27,canHold
FN:31,performHold
FN:62,resetHold
FNF:4
FNH:4
FNDA:12,createHoldState
FNDA:3,canHold
FNDA:7,performHold
FNDA:4,resetHold
DA:20,1
DA:21,12
DA:22,12
DA:23,12
DA:24,12
DA:25,12
DA:27,1
DA:28,3
DA:29,3
DA:31,1
DA:32,7
DA:34,7
DA:35,1
DA:36,1
DA:38,7
DA:39,4
DA:40,1
DA:41,1
DA:42,3
DA:43,3
DA:44,3
DA:45,3
DA:46,3
DA:47,3
DA:48,3
DA:49,3
DA:50,3
DA:52,2
DA:53,2
DA:54,2
DA:55,2
DA:56,2
DA:57,2
DA:58,2
DA:59,2
DA:60,2
DA:62,1
DA:63,4
DA:64,4
DA:65,4
DA:66,4
DA:67,4
LF:42
LH:42
BRDA:20,0,0,12
BRDA:27,1,0,3
BRDA:31,2,0,7
BRDA:34,3,0,1
BRDA:36,4,0,6
BRDA:38,5,0,4
BRDA:39,6,0,1
BRDA:41,7,0,3
BRDA:50,8,0,2
BRDA:62,9,0,4
BRF:10
BRH:10
end_of_record
TN:
SF:src/core/board/index.ts
FN:18,createEmptyRow
FN:22,createEmptyBoard
FN:26,lockPiece
FNF:3
FNH:3
FNDA:639,createEmptyRow
FNDA:33,createEmptyBoard
FNDA:6,lockPiece
DA:18,639
DA:19,639
DA:20,639
DA:22,1
DA:23,33
DA:24,33
DA:26,1
DA:27,6
DA:28,6
DA:29,6
DA:31,6
DA:33,6
DA:34,16
DA:35,44
DA:36,21
DA:37,21
DA:39,23
DA:40,23
DA:42,23
DA:43,23
DA:44,23
DA:45,23
DA:46,23
DA:47,44
DA:48,0
DA:49,0
DA:51,23
DA:52,23
DA:53,23
DA:54,23
DA:55,23
DA:56,16
DA:58,6
DA:60,6
DA:61,120
DA:62,3
DA:63,3
DA:64,120
DA:66,6
DA:67,4
DA:68,4
DA:69,4
DA:70,4
DA:71,4
DA:73,2
DA:74,2
DA:76,3
DA:77,40
DA:78,3
DA:79,3
DA:81,37
DA:83,40
DA:84,2
DA:85,2
DA:86,40
DA:88,3
DA:89,0
DA:90,0
DA:91,0
DA:92,0
DA:93,0
DA:95,3
DA:96,1
DA:97,1
DA:99,1
DA:100,19
DA:101,19
DA:103,1
DA:105,1
DA:106,1
DA:107,1
DA:108,1
DA:109,1
DA:111,1
DA:112,20
DA:113,1
DA:115,1
DA:116,1
DA:117,1
DA:118,1
DA:119,1
LF:81
LH:74
BRDA:18,0,0,639
BRDA:19,1,0,6300
BRDA:22,2,0,33
BRDA:23,3,0,618
BRDA:26,4,0,6
BRDA:29,5,0,0
BRDA:33,6,0,16
BRDA:34,7,0,44
BRDA:35,8,0,21
BRDA:37,9,0,23
BRDA:44,10,0,23
BRDA:45,11,0,23
BRDA:47,12,0,0
BRDA:49,13,0,23
BRDA:60,14,0,120
BRDA:61,15,0,3
BRDA:66,16,0,4
BRDA:71,17,0,3
BRDA:71,18,0,2
BRDA:76,19,0,40
BRDA:77,20,0,3
BRDA:79,21,0,37
BRDA:83,22,0,2
BRDA:88,23,0,0
BRDA:93,24,0,2
BRDA:95,25,0,1
BRDA:99,26,0,19
BRDA:31,27,0,120
BRDA:31,28,0,1200
BRDA:61,29,0,147
BRDA:83,30,0,362
BRDA:111,31,0,20
BRDA:112,32,0,2
BRDA:112,33,0,18
BRF:34
BRH:31
end_of_record
TN:
SF:src/core/collision/index.ts
FN:21,checkCollision
FN:76,canPlace
FNF:2
FNH:2
FNDA:2087,checkCollision
FNDA:3,canPlace
DA:21,1
DA:22,2087
DA:23,2087
DA:25,2087
DA:26,2087
DA:28,2087
DA:29,2087
DA:30,2087
DA:31,2087
DA:37,2087
DA:38,2087
DA:39,2087
DA:40,2085
DA:41,2053
DA:42,2087
DA:43,34
DA:44,34
DA:46,2087
DA:47,4290
DA:48,12494
DA:49,4146
DA:50,4146
DA:52,8348
DA:53,8348
DA:55,8348
DA:56,12494
DA:58,12494
DA:59,63
DA:60,63
DA:61,63
DA:63,12494
DA:64,156
DA:65,156
DA:66,12494
DA:67,4290
DA:69,2087
DA:70,2087
DA:71,2087
DA:72,2087
DA:73,2087
DA:74,2087
DA:76,1
DA:77,3
DA:78,3
DA:79,3
LF:45
LH:45
BRDA:21,0,0,2087
BRDA:29,1,0,0
BRDA:31,2,0,0
BRDA:39,3,0,2085
BRDA:40,4,0,2053
BRDA:42,5,0,34
BRDA:46,6,0,4290
BRDA:47,7,0,12494
BRDA:48,8,0,4146
BRDA:50,9,0,8348
BRDA:56,10,0,8348
BRDA:56,11,0,8285
BRDA:58,12,0,8285
BRDA:58,13,0,63
BRDA:61,14,0,8285
BRDA:63,15,0,156
BRDA:70,16,0,2053
BRDA:76,17,0,3
BRF:18
BRH:16
end_of_record
TN:
SF:src/core/game-loop/index.ts
FN:102,createGameLoop
FN:122,resetStateMachine
FN:137,emitState
FN:144,updateSpeed
FN:168,ensureNextQueue
FN:183,spawnPiece
FN:200,lockActivePiece
FN:299,moveHorizontal
FN:333,rotatePiece
FN:344,isOccupied
FN:369,softDrop
FN:411,hardDrop
FN:451,handleHold
FN:530,processTick
FN:616,startGame
FN:647,stopGame
FN:653,debugForceGameOver
FN:679,start
FN:682,stop
FN:685,tick
FN:688,applyInput
FN:717,subscribe
FN:728,getState
FN:733,api.debugForceGameOver
FN:740,mapLockSnapshot
FN:748,cloneSessionState
FN:769,createInitialInternalState
FNF:27
FNH:27
FNDA:4,createGameLoop
FNDA:5,resetStateMachine
FNDA:178,emitState
FNDA:7,updateSpeed
FNDA:4,ensureNextQueue
FNDA:9,spawnPiece
FNDA:3,lockActivePiece
FNDA:2,moveHorizontal
FNDA:1,rotatePiece
FNDA:4,isOccupied
FNDA:2,softDrop
FNDA:2,hardDrop
FNDA:2,handleHold
FNDA:163,processTick
FNDA:4,startGame
FNDA:1,stopGame
FNDA:1,debugForceGameOver
FNDA:4,start
FNDA:1,stop
FNDA:163,tick
FNDA:11,applyInput
FNDA:1,subscribe
FNDA:180,getState
FNDA:1,api.debugForceGameOver
FNDA:177,mapLockSnapshot
FNDA:358,cloneSessionState
FNDA:5,createInitialInternalState
DA:1,1
DA:2,1
DA:3,1
DA:4,1
DA:5,1
DA:6,1
DA:7,1
DA:13,1
DA:20,1
DA:28,1
DA:84,1
DA:85,1
DA:86,1
DA:87,1
DA:88,1
DA:89,1
DA:102,1
DA:103,4
DA:104,4
DA:105,4
DA:107,4
DA:109,4
DA:110,4
DA:111,4
DA:112,0
DA:113,0
DA:114,0
DA:115,0
DA:116,0
DA:117,0
DA:118,0
DA:119,0
DA:120,4
DA:122,4
DA:123,5
DA:124,5
DA:125,5
DA:126,10
DA:127,10
DA:128,10
DA:129,10
DA:130,10
DA:131,10
DA:132,10
DA:133,10
DA:134,5
DA:135,5
DA:137,4
DA:138,178
DA:139,178
DA:140,1
DA:141,1
DA:142,178
DA:144,4
DA:145,7
DA:146,7
DA:147,7
DA:148,7
DA:149,7
DA:150,7
DA:151,7
DA:152,7
DA:153,7
DA:154,7
DA:155,7
DA:156,7
DA:157,7
DA:158,7
DA:159,7
DA:160,7
DA:161,7
DA:162,7
DA:163,7
DA:164,7
DA:165,7
DA:166,7
DA:168,4
DA:169,4
DA:170,4
DA:171,4
DA:172,4
DA:173,4
DA:174,4
DA:175,4
DA:176,4
DA:177,4
DA:178,4
DA:179,4
DA:180,4
DA:181,4
DA:183,4
DA:184,9
DA:185,9
DA:186,9
DA:187,9
DA:188,9
DA:189,9
DA:190,9
DA:191,0
DA:192,0
DA:193,9
DA:194,9
DA:195,9
DA:196,9
DA:197,9
DA:198,9
DA:200,4
DA:201,3
DA:202,3
DA:203,0
DA:204,0
DA:205,3
DA:206,3
DA:207,3
DA:208,3
DA:209,3
DA:210,3
DA:211,3
DA:213,3
DA:214,3
DA:215,0
DA:216,0
DA:217,3
DA:218,1
DA:219,1
DA:220,1
DA:221,1
DA:222,1
DA:223,1
DA:224,1
DA:225,3
DA:226,2
DA:227,2
DA:228,2
DA:229,2
DA:230,2
DA:231,2
DA:232,2
DA:233,2
DA:235,3
DA:236,3
DA:237,3
DA:238,3
DA:239,3
DA:240,3
DA:241,3
DA:242,3
DA:243,3
DA:244,3
DA:245,3
DA:246,3
DA:247,3
DA:249,3
DA:250,3
DA:251,3
DA:252,3
DA:253,3
DA:255,3
DA:256,0
DA:257,0
DA:258,0
DA:259,0
DA:260,0
DA:261,0
DA:262,0
DA:263,0
DA:265,3
DA:266,3
DA:267,0
DA:268,0
DA:269,0
DA:270,0
DA:271,0
DA:272,0
DA:273,0
DA:274,0
DA:275,0
DA:276,0
DA:277,0
DA:278,0
DA:279,0
DA:281,3
DA:282,3
DA:283,3
DA:284,3
DA:285,3
DA:286,3
DA:287,3
DA:288,3
DA:290,3
DA:291,3
DA:292,3
DA:293,3
DA:295,3
DA:296,3
DA:297,3
DA:299,4
DA:300,2
DA:301,0
DA:302,0
DA:303,2
DA:304,2
DA:305,0
DA:306,0
DA:307,2
DA:308,2
DA:309,2
DA:310,2
DA:311,2
DA:312,2
DA:313,2
DA:314,2
DA:315,0
DA:316,0
DA:317,2
DA:318,2
DA:319,2
DA:320,2
DA:321,2
DA:322,2
DA:323,2
DA:324,2
DA:325,2
DA:326,2
DA:327,2
DA:328,2
DA:329,2
DA:330,2
DA:331,2
DA:333,4
DA:334,1
DA:335,0
DA:336,0
DA:337,1
DA:338,1
DA:339,0
DA:340,0
DA:341,1
DA:342,1
DA:343,1
DA:344,1
DA:345,4
DA:346,0
DA:347,0
DA:348,4
DA:349,4
DA:350,1
DA:352,1
DA:353,1
DA:354,0
DA:355,0
DA:357,1
DA:358,1
DA:359,1
DA:360,1
DA:361,1
DA:362,1
DA:363,1
DA:364,1
DA:365,1
DA:366,1
DA:367,1
DA:369,4
DA:370,2
DA:371,0
DA:372,0
DA:373,2
DA:374,2
DA:375,0
DA:376,0
DA:377,2
DA:378,2
DA:379,2
DA:380,2
DA:381,2
DA:382,2
DA:383,2
DA:384,1
DA:385,1
DA:386,1
DA:387,1
DA:388,1
DA:389,1
DA:391,1
DA:393,1
DA:394,1
DA:395,1
DA:396,1
DA:398,1
DA:399,1
DA:400,1
DA:401,1
DA:402,1
DA:403,1
DA:404,1
DA:405,1
DA:406,1
DA:407,1
DA:408,1
DA:409,2
DA:411,4
DA:412,2
DA:413,0
DA:414,0
DA:415,2
DA:416,2
DA:417,0
DA:418,0
DA:419,2
DA:420,2
DA:421,2
DA:422,2
DA:423,18
DA:424,18
DA:425,18
DA:426,2
DA:427,2
DA:428,16
DA:429,16
DA:430,16
DA:432,2
DA:433,1
DA:434,1
DA:435,1
DA:436,1
DA:437,1
DA:438,1
DA:439,1
DA:440,1
DA:441,1
DA:442,1
DA:443,1
DA:444,1
DA:445,1
DA:446,1
DA:448,2
DA:449,2
DA:451,4
DA:452,2
DA:453,0
DA:454,0
DA:455,2
DA:456,2
DA:457,0
DA:458,0
DA:460,2
DA:461,0
DA:462,0
DA:464,2
DA:465,1
DA:466,1
DA:468,2
DA:469,2
DA:470,2
DA:471,2
DA:472,2
DA:473,2
DA:474,2
DA:475,2
DA:476,0
DA:477,0
DA:479,2
DA:480,2
DA:482,2
DA:483,1
DA:484,0
DA:485,0
DA:486,1
DA:487,1
DA:488,1
DA:489,1
DA:490,1
DA:492,2
DA:493,2
DA:494,0
DA:495,0
DA:496,0
DA:497,0
DA:498,0
DA:499,0
DA:500,0
DA:501,0
DA:502,0
DA:503,0
DA:504,0
DA:505,0
DA:506,0
DA:507,0
DA:508,0
DA:510,2
DA:511,2
DA:512,2
DA:513,2
DA:514,2
DA:515,2
DA:516,2
DA:517,2
DA:518,2
DA:519,2
DA:520,2
DA:521,2
DA:522,2
DA:523,2
DA:524,2
DA:526,2
DA:527,2
DA:528,2
DA:530,4
DA:531,163
DA:532,1
DA:533,1
DA:534,162
DA:535,163
DA:536,0
DA:537,0
DA:538,162
DA:539,162
DA:540,162
DA:541,162
DA:542,162
DA:543,162
DA:545,162
DA:546,162
DA:547,162
DA:548,162
DA:549,163
DA:550,163
DA:552,163
DA:553,163
DA:554,163
DA:555,163
DA:556,163
DA:558,163
DA:559,2
DA:560,1
DA:561,1
DA:562,1
DA:563,1
DA:564,1
DA:565,1
DA:566,1
DA:567,1
DA:568,1
DA:569,1
DA:570,1
DA:571,1
DA:572,1
DA:574,160
DA:575,160
DA:576,163
DA:577,34
DA:578,34
DA:579,34
DA:580,0
DA:581,0
DA:582,0
DA:583,0
DA:584,0
DA:585,0
DA:586,0
DA:587,0
DA:588,0
DA:589,0
DA:590,0
DA:591,0
DA:592,0
DA:593,0
DA:594,0
DA:595,0
DA:596,34
DA:597,34
DA:598,34
DA:599,34
DA:600,34
DA:601,34
DA:603,160
DA:604,160
DA:605,160
DA:606,160
DA:607,160
DA:608,160
DA:609,160
DA:610,160
DA:611,160
DA:613,160
DA:614,163
DA:616,4
DA:617,4
DA:618,4
DA:619,4
DA:620,4
DA:621,4
DA:622,4
DA:623,4
DA:624,4
DA:625,4
DA:626,4
DA:628,4
DA:629,4
DA:630,4
DA:631,4
DA:632,4
DA:633,4
DA:634,4
DA:635,4
DA:636,4
DA:637,4
DA:638,4
DA:639,4
DA:640,4
DA:641,4
DA:643,4
DA:644,4
DA:645,4
DA:647,4
DA:648,1
DA:649,1
DA:650,1
DA:651,1
DA:653,4
DA:654,1
DA:655,20
DA:656,200
DA:657,200
DA:658,200
DA:659,200
DA:660,20
DA:661,1
DA:663,1
DA:664,1
DA:665,1
DA:666,1
DA:667,1
DA:668,1
DA:669,1
DA:670,1
DA:671,1
DA:672,1
DA:674,1
DA:675,1
DA:676,1
DA:678,4
DA:679,4
DA:680,4
DA:681,4
DA:682,4
DA:683,1
DA:684,1
DA:685,4
DA:686,163
DA:687,163
DA:688,4
DA:689,11
DA:690,11
DA:691,2
DA:692,2
DA:693,11
DA:694,1
DA:695,1
DA:696,11
DA:697,2
DA:698,2
DA:699,11
DA:700,2
DA:701,2
DA:702,11
DA:703,2
DA:704,2
DA:705,11
DA:706,1
DA:707,1
DA:708,1
DA:709,11
DA:710,1
DA:711,1
DA:712,1
DA:713,11
DA:714,0
DA:715,11
DA:716,11
DA:717,4
DA:718,1
DA:719,1
DA:720,1
DA:721,1
DA:722,0
DA:723,0
DA:724,1
DA:725,1
DA:726,1
DA:727,1
DA:728,4
DA:729,180
DA:730,180
DA:731,4
DA:733,4
DA:734,1
DA:735,1
DA:737,4
DA:738,4
DA:740,177
DA:741,177
DA:742,177
DA:743,177
DA:744,177
DA:745,177
DA:746,177
DA:748,358
DA:749,358
DA:750,358
DA:751,358
DA:752,358
DA:753,358
DA:754,358
DA:755,358
DA:756,358
DA:757,358
DA:758,358
DA:759,358
DA:760,358
DA:761,358
DA:762,358
DA:763,358
DA:764,358
DA:765,358
DA:766,358
DA:767,358
DA:769,5
DA:770,5
DA:771,5
DA:772,5
DA:773,5
DA:774,5
DA:775,5
DA:776,5
DA:777,5
DA:778,5
DA:779,5
DA:780,5
DA:781,5
DA:782,5
DA:783,5
DA:784,5
DA:785,5
DA:786,5
DA:787,5
DA:789,5
DA:790,5
DA:791,5
DA:792,5
DA:793,5
DA:794,5
DA:795,5
DA:796,5
DA:797,5
DA:798,5
DA:799,5
DA:800,5
DA:801,5
DA:802,5
DA:803,5
DA:804,5
DA:805,5
DA:806,5
DA:807,5
DA:808,5
DA:809,5
DA:810,5
DA:811,5
DA:812,5
LF:670
LH:567
BRDA:102,0,0,4
BRDA:122,1,0,5
BRDA:125,2,0,10
BRDA:137,3,0,178
BRDA:139,4,0,1
BRDA:144,5,0,7
BRDA:168,6,0,4
BRDA:169,7,0,0
BRDA:183,8,0,9
BRDA:185,9,0,0
BRDA:186,10,0,0
BRDA:190,11,0,0
BRDA:200,12,0,3
BRDA:202,13,0,0
BRDA:214,14,0,0
BRDA:217,15,0,1
BRDA:225,16,0,2
BRDA:235,17,0,0
BRDA:242,18,0,0
BRDA:243,19,0,0
BRDA:255,20,0,0
BRDA:266,21,0,0
BRDA:299,22,0,2
BRDA:300,23,0,0
BRDA:304,24,0,0
BRDA:307,25,0,1
BRDA:307,26,0,1
BRDA:314,27,0,0
BRDA:333,28,0,1
BRDA:334,29,0,0
BRDA:338,30,0,0
BRDA:353,31,0,0
BRDA:344,32,0,4
BRDA:345,33,0,0
BRDA:348,34,0,0
BRDA:369,35,0,2
BRDA:370,36,0,0
BRDA:374,37,0,0
BRDA:383,38,0,1
BRDA:411,39,0,2
BRDA:412,40,0,0
BRDA:416,41,0,0
BRDA:422,42,0,18
BRDA:425,43,0,2
BRDA:427,44,0,16
BRDA:432,45,0,1
BRDA:451,46,0,2
BRDA:452,47,0,0
BRDA:456,48,0,0
BRDA:460,49,0,1
BRDA:460,50,0,0
BRDA:464,51,0,1
BRDA:465,52,0,0
BRDA:465,53,0,1
BRDA:475,54,0,0
BRDA:482,55,0,1
BRDA:483,56,0,0
BRDA:493,57,0,0
BRDA:518,58,0,0
BRDA:519,59,0,0
BRDA:530,60,0,163
BRDA:531,61,0,1
BRDA:533,62,0,162
BRDA:535,63,0,0
BRDA:537,64,0,162
BRDA:549,65,0,2
BRDA:558,66,0,2
BRDA:559,67,0,1
BRDA:572,68,0,160
BRDA:576,69,0,34
BRDA:579,70,0,0
BRDA:601,71,0,160
BRDA:616,72,0,4
BRDA:647,73,0,1
BRDA:653,74,0,1
BRDA:654,75,0,20
BRDA:655,76,0,200
BRDA:679,77,0,4
BRDA:682,78,0,1
BRDA:685,79,0,163
BRDA:688,80,0,11
BRDA:690,81,0,2
BRDA:693,82,0,1
BRDA:696,83,0,2
BRDA:699,84,0,2
BRDA:702,85,0,2
BRDA:705,86,0,1
BRDA:709,87,0,1
BRDA:713,88,0,0
BRDA:717,89,0,1
BRDA:720,90,0,1
BRDA:721,91,0,0
BRDA:728,92,0,180
BRDA:733,93,0,1
BRDA:740,94,0,177
BRDA:748,95,0,358
BRDA:751,96,0,353
BRDA:751,97,0,5
BRDA:764,98,0,353
BRDA:764,99,0,5
BRDA:750,100,0,7160
BRDA:750,101,0,71600
BRDA:769,102,0,5
BRDA:776,103,0,0
BRF:104
BRH:67
end_of_record
TN:
SF:src/core/gravity/index.ts
FN:28,createGravityState
FN:37,stepGravity
FNF:2
FNH:2
FNDA:18,createGravityState
FNDA:187,stepGravity
DA:28,1
DA:29,18
DA:30,18
DA:31,18
DA:32,18
DA:33,18
DA:34,18
DA:35,18
DA:37,1
DA:38,187
DA:39,187
DA:40,187
DA:41,187
DA:42,187
DA:43,187
DA:44,187
DA:45,187
DA:46,187
DA:48,187
DA:50,187
DA:51,25
DA:52,5
DA:53,5
DA:55,25
DA:56,1
DA:57,1
DA:58,1
DA:59,25
DA:60,24
DA:61,24
DA:62,24
DA:64,25
DA:65,187
DA:66,162
DA:67,0
DA:68,0
DA:69,0
DA:70,0
DA:72,162
DA:73,162
DA:74,162
DA:75,162
DA:76,162
DA:77,0
DA:78,0
DA:79,0
DA:80,162
DA:82,187
DA:83,187
DA:85,187
DA:87,187
DA:88,187
DA:89,187
DA:90,187
DA:91,187
DA:92,187
DA:94,187
DA:95,187
DA:96,187
DA:97,187
DA:98,187
DA:99,187
DA:100,187
LF:63
LH:56
BRDA:28,0,0,18
BRDA:37,1,0,187
BRDA:50,2,0,25
BRDA:51,3,0,5
BRDA:55,4,0,1
BRDA:59,5,0,24
BRDA:65,6,0,162
BRDA:66,7,0,0
BRDA:76,8,0,0
BRDA:85,9,0,25
BRDA:85,10,0,22
BRF:11
BRH:9
end_of_record
TN:
SF:src/core/next-queue/index.ts
FN:10,createNextQueue
FN:29,advanceQueue
FNF:2
FNH:2
FNDA:11,createNextQueue
FNDA:5,advanceQueue
DA:2,1
DA:10,1
DA:11,11
DA:12,11
DA:14,11
DA:15,44
DA:16,44
DA:17,44
DA:18,44
DA:20,11
DA:22,11
DA:23,11
DA:24,11
DA:25,11
DA:26,11
DA:27,11
DA:29,1
DA:30,5
DA:31,5
DA:32,5
DA:34,5
DA:35,5
DA:36,5
DA:37,0
DA:38,0
DA:39,0
DA:40,0
DA:42,5
DA:43,5
DA:44,5
DA:45,5
DA:46,5
DA:48,5
DA:49,5
DA:50,5
DA:51,5
DA:52,5
DA:53,5
LF:38
LH:34
BRDA:10,0,0,11
BRDA:14,1,0,44
BRDA:29,2,0,5
BRDA:36,3,0,0
BRF:4
BRH:3
end_of_record
TN:
SF:src/core/rng/index.ts
FN:18,generateDefaultSeed
FN:29,hashSeed
FN:41,createPrng
FN:51,generateBag
FN:65,determineBagIndex
FN:73,createSevenBagRng
FN:85,drawNextPiece
FNF:7
FNH:6
FNDA:0,generateDefaultSeed
FNDA:17,hashSeed
FNDA:17,createPrng
FNDA:17,generateBag
FNDA:3,determineBagIndex
FNDA:14,createSevenBagRng
FNDA:91,drawNextPiece
DA:1,1
DA:16,1
DA:18,0
DA:19,0
DA:20,0
DA:21,0
DA:22,0
DA:23,0
DA:25,0
DA:26,0
DA:27,0
DA:29,17
DA:30,17
DA:32,17
DA:33,216
DA:34,216
DA:35,216
DA:36,216
DA:38,17
DA:39,17
DA:41,17
DA:42,17
DA:43,17
DA:44,102
DA:45,102
DA:46,102
DA:47,102
DA:48,102
DA:49,17
DA:51,17
DA:52,17
DA:53,17
DA:55,17
DA:56,102
DA:57,102
DA:58,102
DA:59,102
DA:60,102
DA:62,17
DA:63,17
DA:65,3
DA:66,3
DA:67,3
DA:73,1
DA:74,14
DA:75,14
DA:76,14
DA:77,14
DA:78,14
DA:79,14
DA:85,1
DA:86,91
DA:87,91
DA:88,91
DA:89,3
DA:90,88
DA:92,91
DA:93,91
DA:94,91
DA:96,91
DA:97,91
DA:98,91
DA:99,91
DA:100,91
DA:101,91
DA:102,91
DA:103,91
DA:104,91
LF:68
LH:59
BRDA:29,0,0,17
BRDA:32,1,0,216
BRDA:41,2,0,17
BRDA:43,3,0,102
BRDA:51,4,0,17
BRDA:55,5,0,102
BRDA:65,6,0,3
BRDA:73,7,0,14
BRDA:85,8,0,91
BRDA:88,9,0,3
BRDA:89,10,0,88
BRDA:94,11,0,7
BRDA:94,12,0,84
BRF:13
BRH:13
end_of_record
TN:
SF:src/core/scoring/index.ts
FN:9,createInitialStats
FN:26,applyLineClear
FN:44,applySoftDrop
FN:56,applyHardDrop
FNF:4
FNH:4
FNDA:13,createInitialStats
FNDA:8,applyLineClear
FNDA:2,applySoftDrop
FNDA:2,applyHardDrop
DA:9,1
DA:10,13
DA:11,13
DA:12,13
DA:13,13
DA:14,13
DA:15,13
DA:16,13
DA:17,13
DA:19,1
DA:20,1
DA:21,1
DA:22,1
DA:23,1
DA:24,1
DA:26,1
DA:27,8
DA:28,0
DA:29,0
DA:31,8
DA:32,8
DA:33,8
DA:34,8
DA:36,8
DA:37,8
DA:38,8
DA:39,8
DA:40,8
DA:41,8
DA:42,8
DA:44,1
DA:45,2
DA:46,0
DA:47,0
DA:49,2
DA:50,2
DA:51,2
DA:52,2
DA:53,2
DA:54,2
DA:56,1
DA:57,2
DA:58,0
DA:59,0
DA:61,2
DA:63,2
DA:64,2
DA:65,2
DA:66,2
DA:67,2
DA:68,2
LF:51
LH:45
BRDA:9,0,0,13
BRDA:26,1,0,8
BRDA:27,2,0,0
BRDA:31,3,0,0
BRDA:44,4,0,2
BRDA:45,5,0,0
BRDA:56,6,0,2
BRDA:57,7,0,0
BRF:8
BRH:4
end_of_record
TN:
SF:src/core/srs/index.ts
FN:285,createRotationContext
FN:289,attemptSrsRotation
FN:344,getPieceCells
FN:349,getPieceShape
FN:367,getKickTests
FN:376,getKickTableForType
FN:386,computeDelta
FN:390,convertKickTable
FN:417,canPlace
FN:432,normalizeRotation
FN:436,buildRotationDefinitions
FN:477,rotateAroundPivot
FN:488,roundToTolerance
FN:493,roundToGrid
FNF:14
FNH:14
FNDA:5,createRotationContext
FNDA:5,attemptSrsRotation
FNDA:429,getPieceCells
FNDA:429,getPieceShape
FNDA:5,getKickTests
FNDA:5,getKickTableForType
FNDA:14,computeDelta
FNDA:14,convertKickTable
FNDA:7,canPlace
FNDA:5,normalizeRotation
FNDA:7,buildRotationDefinitions
FNDA:784,rotateAroundPivot
FNDA:3136,roundToTolerance
FNDA:46,roundToGrid
DA:42,1
DA:44,1
DA:45,1
DA:46,1
DA:47,1
DA:48,1
DA:49,1
DA:50,1
DA:51,1
DA:52,1
DA:53,1
DA:54,1
DA:55,1
DA:56,1
DA:57,1
DA:58,1
DA:59,1
DA:60,1
DA:61,1
DA:62,1
DA:63,1
DA:64,1
DA:65,1
DA:66,1
DA:67,1
DA:68,1
DA:69,1
DA:70,1
DA:71,1
DA:72,1
DA:73,1
DA:74,1
DA:75,1
DA:76,1
DA:77,1
DA:78,1
DA:79,1
DA:80,1
DA:81,1
DA:82,1
DA:83,1
DA:84,1
DA:85,1
DA:86,1
DA:87,1
DA:88,1
DA:89,1
DA:90,1
DA:91,1
DA:92,1
DA:93,1
DA:94,1
DA:95,1
DA:96,1
DA:97,1
DA:98,1
DA:99,1
DA:100,1
DA:101,1
DA:102,1
DA:103,1
DA:104,1
DA:105,1
DA:106,1
DA:107,1
DA:108,1
DA:110,1
DA:111,1
DA:112,1
DA:113,1
DA:114,1
DA:115,1
DA:116,1
DA:117,1
DA:118,1
DA:119,1
DA:120,1
DA:121,1
DA:122,1
DA:123,1
DA:124,1
DA:125,1
DA:126,1
DA:127,1
DA:128,1
DA:129,1
DA:130,1
DA:131,1
DA:132,1
DA:133,1
DA:134,1
DA:135,1
DA:136,1
DA:137,1
DA:138,1
DA:139,1
DA:140,1
DA:141,1
DA:142,1
DA:143,1
DA:144,1
DA:145,1
DA:146,1
DA:147,1
DA:148,1
DA:149,1
DA:150,1
DA:151,1
DA:152,1
DA:153,1
DA:155,1
DA:157,1
DA:158,1
DA:159,1
DA:160,1
DA:161,1
DA:162,1
DA:163,1
DA:164,1
DA:165,1
DA:166,1
DA:167,1
DA:168,1
DA:169,1
DA:170,1
DA:171,1
DA:172,1
DA:173,1
DA:174,1
DA:175,1
DA:176,1
DA:177,1
DA:178,1
DA:179,1
DA:180,1
DA:181,1
DA:182,1
DA:183,1
DA:184,1
DA:185,1
DA:186,1
DA:187,1
DA:188,1
DA:189,1
DA:190,1
DA:191,1
DA:192,1
DA:193,1
DA:194,1
DA:195,1
DA:196,1
DA:197,1
DA:198,1
DA:199,1
DA:200,1
DA:201,1
DA:202,1
DA:203,1
DA:204,1
DA:205,1
DA:206,1
DA:208,1
DA:209,1
DA:210,1
DA:211,1
DA:212,1
DA:213,1
DA:214,1
DA:215,1
DA:216,1
DA:217,1
DA:218,1
DA:219,1
DA:220,1
DA:221,1
DA:222,1
DA:223,1
DA:224,1
DA:225,1
DA:226,1
DA:227,1
DA:228,1
DA:229,1
DA:230,1
DA:231,1
DA:232,1
DA:233,1
DA:234,1
DA:235,1
DA:236,1
DA:237,1
DA:238,1
DA:239,1
DA:240,1
DA:241,1
DA:242,1
DA:243,1
DA:244,1
DA:245,1
DA:246,1
DA:247,1
DA:248,1
DA:249,1
DA:250,1
DA:251,1
DA:252,1
DA:253,1
DA:254,1
DA:255,1
DA:256,1
DA:257,1
DA:258,1
DA:259,1
DA:260,1
DA:261,1
DA:262,1
DA:263,1
DA:264,1
DA:265,1
DA:266,1
DA:267,1
DA:268,1
DA:269,1
DA:270,1
DA:271,1
DA:272,1
DA:273,1
DA:275,1
DA:276,1
DA:278,1
DA:279,1
DA:280,1
DA:281,1
DA:282,1
DA:283,1
DA:285,1
DA:286,5
DA:287,5
DA:289,1
DA:290,5
DA:291,5
DA:292,5
DA:293,5
DA:300,5
DA:301,5
DA:303,5
DA:304,5
DA:305,5
DA:307,5
DA:308,7
DA:309,7
DA:311,7
DA:312,4
DA:313,4
DA:314,4
DA:315,4
DA:316,4
DA:317,4
DA:318,4
DA:319,4
DA:321,4
DA:322,4
DA:323,4
DA:324,4
DA:325,4
DA:326,4
DA:327,4
DA:328,4
DA:329,4
DA:330,7
DA:332,1
DA:333,1
DA:334,1
DA:335,1
DA:336,1
DA:337,1
DA:344,1
DA:345,429
DA:346,429
DA:347,429
DA:349,1
DA:350,429
DA:352,429
DA:353,429
DA:355,429
DA:356,429
DA:358,429
DA:360,429
DA:361,1716
DA:362,1716
DA:364,429
DA:365,429
DA:367,5
DA:368,5
DA:369,5
DA:370,5
DA:371,5
DA:372,5
DA:373,0
DA:374,0
DA:376,5
DA:377,5
DA:378,1
DA:379,1
DA:380,5
DA:381,1
DA:382,1
DA:383,3
DA:384,3
DA:386,14
DA:387,14
DA:388,14
DA:390,14
DA:391,14
DA:392,14
DA:393,14
DA:394,14
DA:395,14
DA:396,14
DA:398,14
DA:399,56
DA:400,56
DA:401,56
DA:402,0
DA:403,0
DA:405,56
DA:406,112
DA:407,112
DA:408,448
DA:409,448
DA:410,112
DA:411,112
DA:412,56
DA:414,14
DA:415,14
DA:417,7
DA:418,7
DA:419,7
DA:420,7
DA:421,7
DA:422,7
DA:423,7
DA:424,7
DA:425,7
DA:426,19
DA:427,19
DA:428,19
DA:429,7
DA:430,7
DA:432,5
DA:433,5
DA:434,5
DA:436,7
DA:437,7
DA:439,7
DA:442,7
DA:443,49
DA:444,49
DA:446,49
DA:447,49
DA:449,49
DA:450,196
DA:451,196
DA:453,196
DA:454,784
DA:455,784
DA:456,196
DA:458,196
DA:459,196
DA:460,196
DA:461,0
DA:462,0
DA:463,0
DA:464,0
DA:466,196
DA:468,196
DA:469,196
DA:471,196
DA:472,196
DA:474,7
DA:475,7
DA:477,784
DA:478,784
DA:479,784
DA:480,784
DA:481,784
DA:482,784
DA:483,784
DA:484,784
DA:485,784
DA:486,784
DA:488,3136
DA:489,3136
DA:490,3136
DA:491,3136
DA:493,46
DA:494,46
DA:495,46
LF:398
LH:390
BRDA:285,0,0,5
BRDA:289,1,0,5
BRDA:300,2,0,0
BRDA:307,3,0,7
BRDA:311,4,0,4
BRDA:330,5,0,1
BRDA:344,6,0,429
BRDA:346,7,0,1716
BRDA:349,8,0,429
BRDA:352,9,0,0
BRDA:353,10,0,0
BRDA:360,11,0,1716
BRDA:352,12,0,1716
BRDA:353,13,0,1716
BRDA:358,14,0,845
BRDA:367,15,0,5
BRDA:372,16,0,0
BRDA:376,17,0,5
BRDA:377,18,0,1
BRDA:379,19,0,4
BRDA:380,20,0,1
BRDA:382,21,0,3
BRDA:386,22,0,14
BRDA:390,23,0,14
BRDA:398,24,0,56
BRDA:400,25,0,0
BRDA:401,26,0,0
BRDA:405,27,0,112
BRDA:407,28,0,448
BRDA:417,29,0,7
BRDA:425,30,0,19
BRDA:432,31,0,5
BRDA:436,32,0,7
BRDA:442,33,0,49
BRDA:449,34,0,196
BRDA:460,35,0,0
BRDA:446,36,0,196
BRDA:450,37,0,784
BRDA:451,38,0,784
BRDA:453,39,0,784
BRDA:468,40,0,784
BRDA:477,41,0,784
BRDA:488,42,0,3136
BRDA:490,43,0,1008
BRDA:490,44,0,2128
BRDA:493,45,0,46
BRF:46
BRH:39
end_of_record
TN:
SF:src/core/state-machine/index.ts
FN:24,createStateMachine
FN:31,emit
FN:37,update
FN:46,dispatch
FN:105,getSnapshot
FN:108,canHold
FN:111,subscribe
FNF:7
FNH:7
FNDA:14,createStateMachine
FNDA:22,emit
FNDA:24,update
FNDA:24,dispatch
FNDA:5,getSnapshot
FNDA:7,canHold
FNDA:11,subscribe
DA:24,1
DA:25,14
DA:26,14
DA:27,14
DA:28,14
DA:29,14
DA:31,14
DA:32,22
DA:33,13
DA:34,13
DA:35,22
DA:37,14
DA:38,24
DA:39,2
DA:40,2
DA:41,22
DA:42,22
DA:43,24
DA:45,14
DA:46,14
DA:47,24
DA:48,24
DA:50,24
DA:51,24
DA:52,9
DA:53,9
DA:54,9
DA:55,9
DA:56,9
DA:57,9
DA:58,9
DA:59,24
DA:60,2
DA:61,2
DA:62,2
DA:63,2
DA:64,2
DA:65,2
DA:66,2
DA:67,24
DA:68,2
DA:69,2
DA:70,2
DA:71,2
DA:72,2
DA:73,2
DA:74,2
DA:75,24
DA:76,2
DA:77,2
DA:78,2
DA:79,2
DA:80,2
DA:81,2
DA:82,2
DA:83,24
DA:84,4
DA:85,4
DA:86,4
DA:87,4
DA:88,4
DA:89,4
DA:90,4
DA:91,24
DA:92,5
DA:93,3
DA:94,3
DA:95,3
DA:96,3
DA:97,3
DA:98,5
DA:99,24
DA:100,0
DA:101,24
DA:103,24
DA:104,24
DA:105,14
DA:106,5
DA:107,5
DA:108,14
DA:109,7
DA:110,7
DA:111,14
DA:112,11
DA:113,11
DA:115,11
DA:116,5
DA:117,0
DA:118,0
DA:119,5
DA:120,5
DA:121,5
DA:122,11
DA:123,14
DA:124,14
LF:95
LH:92
BRDA:24,0,0,14
BRDA:31,1,0,22
BRDA:32,2,0,13
BRDA:37,3,0,24
BRDA:38,4,0,9
BRDA:38,5,0,2
BRDA:40,6,0,22
BRDA:46,7,0,24
BRDA:51,8,0,9
BRDA:59,9,0,2
BRDA:67,10,0,2
BRDA:75,11,0,2
BRDA:83,12,0,4
BRDA:91,13,0,5
BRDA:92,14,0,3
BRDA:99,15,0,0
BRDA:105,16,0,5
BRDA:108,17,0,7
BRDA:111,18,0,11
BRDA:115,19,0,5
BRDA:116,20,0,0
BRF:21
BRH:19
end_of_record
TN:
SF:src/input/control-scheme.ts
FN:71,clamp
FN:75,normaliseKey
FN:79,createControlScheme
FN:110,emit
FN:116,updateMoveRepeat
FN:142,updateSoftDrop
FN:152,onFrame
FN:159,keydownListener
FN:200,keyupListener
FN:220,pointerDownListener
FN:234,pointerMoveListener
FN:242,pointerUpListener
FN:274,handleMoveKey
FN:289,releaseMove
FN:297,handleSoftDropKey
FN:308,handleRotate
FN:316,handleHardDrop
FN:324,handleHold
FN:332,handlePause
FN:358,applyTuning
FN:396,subscribe
FN:402,setTuning
FN:405,resetTuning
FN:414,getSnapshot
FN:419,destroy
FNF:25
FNH:16
FNDA:0,clamp
FNDA:4,normaliseKey
FNDA:3,createControlScheme
FNDA:10,emit
FNDA:16,updateMoveRepeat
FNDA:8,updateSoftDrop
FNDA:8,onFrame
FNDA:2,keydownListener
FNDA:2,keyupListener
FNDA:3,pointerDownListener
FNDA:3,pointerMoveListener
FNDA:3,pointerUpListener
FNDA:1,handleMoveKey
FNDA:7,releaseMove
FNDA:1,handleSoftDropKey
FNDA:0,handleRotate
FNDA:0,handleHardDrop
FNDA:0,handleHold
FNDA:0,handlePause
FNDA:0,applyTuning
FNDA:3,subscribe
FNDA:0,setTuning
FNDA:0,resetTuning
FNDA:0,getSnapshot
FNDA:3,destroy
DA:2,1
DA:33,1
DA:34,1
DA:35,1
DA:36,1
DA:37,1
DA:38,1
DA:39,1
DA:41,1
DA:42,1
DA:43,1
DA:44,1
DA:45,1
DA:46,1
DA:47,1
DA:71,0
DA:72,0
DA:73,0
DA:75,4
DA:76,4
DA:77,4
DA:79,1
DA:80,3
DA:81,3
DA:82,3
DA:83,3
DA:85,3
DA:86,0
DA:87,3
DA:88,3
DA:89,3
DA:91,3
DA:92,3
DA:93,3
DA:94,3
DA:96,3
DA:97,3
DA:99,3
DA:100,3
DA:101,3
DA:102,3
DA:104,3
DA:105,3
DA:106,3
DA:108,3
DA:110,3
DA:111,10
DA:112,10
DA:113,10
DA:114,10
DA:116,3
DA:117,16
DA:118,16
DA:119,13
DA:120,13
DA:121,13
DA:122,13
DA:123,13
DA:125,16
DA:126,2
DA:127,2
DA:128,1
DA:129,1
DA:130,1
DA:131,1
DA:132,2
DA:133,2
DA:135,1
DA:136,1
DA:137,1
DA:138,1
DA:139,1
DA:140,16
DA:142,3
DA:143,8
DA:144,5
DA:145,5
DA:146,8
DA:147,0
DA:148,0
DA:149,3
DA:150,8
DA:152,3
DA:153,8
DA:154,8
DA:155,8
DA:156,8
DA:157,8
DA:159,3
DA:160,2
DA:161,2
DA:162,2
DA:163,2
DA:164,0
DA:165,0
DA:166,2
DA:167,2
DA:168,1
DA:169,1
DA:170,2
DA:171,2
DA:172,1
DA:173,1
DA:174,2
DA:175,2
DA:176,0
DA:177,0
DA:178,2
DA:179,0
DA:180,0
DA:181,2
DA:182,2
DA:183,0
DA:184,0
DA:185,2
DA:186,2
DA:187,2
DA:188,2
DA:189,0
DA:190,0
DA:191,2
DA:192,2
DA:193,0
DA:194,0
DA:195,2
DA:196,0
DA:197,2
DA:198,2
DA:200,3
DA:201,2
DA:202,2
DA:203,2
DA:204,2
DA:205,0
DA:206,0
DA:207,2
DA:208,2
DA:209,1
DA:210,1
DA:211,2
DA:212,2
DA:213,1
DA:214,1
DA:215,2
DA:216,0
DA:217,2
DA:218,2
DA:220,3
DA:221,3
DA:222,0
DA:223,0
DA:224,3
DA:225,3
DA:226,3
DA:227,3
DA:228,3
DA:229,3
DA:230,3
DA:231,3
DA:232,3
DA:234,3
DA:235,3
DA:236,0
DA:237,0
DA:238,3
DA:239,3
DA:240,3
DA:242,3
DA:243,3
DA:244,0
DA:245,0
DA:247,3
DA:248,3
DA:249,3
DA:250,3
DA:252,3
DA:253,3
DA:255,3
DA:256,1
DA:257,1
DA:258,1
DA:260,2
DA:261,2
DA:262,1
DA:263,1
DA:264,1
DA:265,1
DA:266,2
DA:267,2
DA:269,3
DA:270,0
DA:271,0
DA:272,3
DA:274,3
DA:275,1
DA:276,0
DA:277,0
DA:278,1
DA:279,1
DA:280,1
DA:281,1
DA:282,1
DA:283,1
DA:284,1
DA:285,1
DA:286,1
DA:287,1
DA:289,3
DA:290,7
DA:291,7
DA:292,7
DA:293,7
DA:294,7
DA:295,7
DA:297,3
DA:298,1
DA:299,0
DA:300,0
DA:301,1
DA:302,1
DA:303,1
DA:304,1
DA:305,1
DA:306,1
DA:308,3
DA:309,0
DA:310,0
DA:311,0
DA:312,0
DA:313,0
DA:314,0
DA:316,3
DA:317,0
DA:318,0
DA:319,0
DA:320,0
DA:321,0
DA:322,0
DA:324,3
DA:325,0
DA:326,0
DA:327,0
DA:328,0
DA:329,0
DA:330,0
DA:332,3
DA:333,0
DA:334,0
DA:335,0
DA:336,0
DA:337,0
DA:338,0
DA:340,3
DA:341,3
DA:342,3
DA:343,3
DA:344,3
DA:346,3
DA:347,3
DA:348,3
DA:349,3
DA:350,3
DA:352,3
DA:353,3
DA:354,3
DA:355,0
DA:356,0
DA:358,3
DA:359,0
DA:360,0
DA:361,0
DA:362,0
DA:363,0
DA:364,0
DA:365,0
DA:366,0
DA:367,0
DA:368,0
DA:369,0
DA:370,0
DA:371,0
DA:372,0
DA:373,0
DA:374,0
DA:375,0
DA:376,0
DA:377,0
DA:378,0
DA:379,0
DA:380,0
DA:381,0
DA:382,0
DA:383,0
DA:384,0
DA:385,0
DA:386,0
DA:387,0
DA:388,0
DA:389,0
DA:390,0
DA:391,0
DA:392,0
DA:393,0
DA:395,3
DA:396,3
DA:397,3
DA:398,3
DA:399,3
DA:400,3
DA:401,3
DA:402,3
DA:403,0
DA:404,0
DA:405,3
DA:406,0
DA:407,0
DA:408,0
DA:409,0
DA:410,0
DA:411,0
DA:412,0
DA:413,0
DA:414,3
DA:415,0
DA:416,0
DA:417,0
DA:418,0
DA:419,3
DA:420,3
DA:421,18
DA:422,18
DA:423,3
DA:424,3
DA:425,3
DA:426,0
DA:427,0
DA:428,3
DA:429,3
DA:430,6
DA:431,6
DA:432,3
DA:433,3
DA:434,3
LF:343
LH:232
BRDA:75,0,0,4
BRDA:76,1,0,0
BRDA:79,2,0,3
BRDA:83,3,0,0
BRDA:83,4,0,0
BRDA:85,5,0,0
BRDA:89,6,0,0
BRDA:354,7,0,0
BRDA:110,8,0,10
BRDA:116,9,0,16
BRDA:118,10,0,13
BRDA:123,11,0,3
BRDA:125,12,0,2
BRDA:127,13,0,1
BRDA:133,14,0,1
BRDA:142,15,0,8
BRDA:143,16,0,5
BRDA:145,17,0,3
BRDA:146,18,0,0
BRDA:148,19,0,3
BRDA:152,20,0,8
BRDA:159,21,0,2
BRDA:162,22,0,0
BRDA:163,23,0,0
BRDA:166,24,0,1
BRDA:167,25,0,1
BRDA:170,26,0,1
BRDA:171,27,0,1
BRDA:174,28,0,0
BRDA:175,29,0,0
BRDA:178,30,0,0
BRDA:181,31,0,0
BRDA:182,32,0,0
BRDA:185,33,0,0
BRDA:186,34,0,0
BRDA:187,35,0,0
BRDA:188,36,0,0
BRDA:191,37,0,0
BRDA:192,38,0,0
BRDA:195,39,0,0
BRDA:200,40,0,2
BRDA:203,41,0,0
BRDA:204,42,0,0
BRDA:207,43,0,1
BRDA:208,44,0,1
BRDA:211,45,0,1
BRDA:212,46,0,1
BRDA:215,47,0,0
BRDA:220,48,0,3
BRDA:221,49,0,0
BRDA:234,50,0,3
BRDA:235,51,0,0
BRDA:242,52,0,3
BRDA:243,53,0,0
BRDA:255,54,0,1
BRDA:255,55,0,1
BRDA:256,56,0,0
BRDA:258,57,0,2
BRDA:261,58,0,1
BRDA:261,59,0,1
BRDA:267,60,0,0
BRDA:269,61,0,0
BRDA:274,62,0,1
BRDA:275,63,0,0
BRDA:289,64,0,7
BRDA:297,65,0,1
BRDA:298,66,0,0
BRDA:346,67,0,3
BRDA:347,68,0,3
BRDA:348,69,0,3
BRDA:349,70,0,3
BRDA:350,71,0,3
BRDA:396,72,0,3
BRDA:398,73,0,3
BRDA:419,74,0,3
BRDA:420,75,0,18
BRDA:425,76,0,0
BRDA:429,77,0,6
BRF:78
BRH:45
end_of_record
TN:
SF:src/render/canvas-renderer.ts
FN:93,ensureContext
FN:101,clampDpr
FN:108,createCellGrid
FN:114,applyBoard
FN:127,applyPiece
FN:150,applyLineClears
FN:162,isTetrominoType
FN:166,createCanvasRenderer
FN:180,configureCanvas
FN:188,updateCanvasSize
FN:200,drawRow
FN:246,computeRowSignature
FN:265,composeGrid
FN:285,renderSnapshot
FN:321,init
FN:330,resize
FN:334,render
FN:340,destroy
FNF:18
FNH:17
FNDA:4,ensureContext
FNDA:4,clampDpr
FNDA:4,createCellGrid
FNDA:4,applyBoard
FNDA:6,applyPiece
FNDA:0,applyLineClears
FNDA:1,isTetrominoType
FNDA:4,createCanvasRenderer
FNDA:4,configureCanvas
FNDA:4,updateCanvasSize
FNDA:18,drawRow
FNDA:24,computeRowSignature
FNDA:4,composeGrid
FNDA:4,renderSnapshot
FNDA:4,init
FNDA:4,resize
FNDA:4,render
FNDA:4,destroy
DA:1,1
DA:47,1
DA:48,1
DA:49,1
DA:50,1
DA:51,1
DA:52,1
DA:53,1
DA:54,1
DA:55,1
DA:56,1
DA:57,1
DA:58,1
DA:59,1
DA:60,1
DA:61,1
DA:62,1
DA:63,1
DA:64,1
DA:65,1
DA:66,1
DA:67,1
DA:68,1
DA:69,1
DA:70,1
DA:71,1
DA:72,1
DA:73,1
DA:74,1
DA:75,1
DA:76,1
DA:77,1
DA:78,1
DA:93,4
DA:94,4
DA:95,4
DA:96,0
DA:97,0
DA:98,4
DA:99,4
DA:101,4
DA:102,4
DA:103,0
DA:104,0
DA:105,4
DA:106,4
DA:108,4
DA:109,4
DA:110,24
DA:111,4
DA:112,4
DA:114,4
DA:115,4
DA:116,24
DA:117,24
DA:118,120
DA:119,120
DA:120,119
DA:121,119
DA:122,1
DA:123,1
DA:124,24
DA:125,4
DA:127,6
DA:128,6
DA:129,6
DA:130,12
DA:131,24
DA:132,0
DA:133,0
DA:134,24
DA:135,24
DA:136,24
DA:137,0
DA:138,0
DA:139,24
DA:140,12
DA:141,11
DA:142,11
DA:143,12
DA:144,12
DA:145,12
DA:146,24
DA:147,12
DA:148,6
DA:150,0
DA:151,0
DA:152,0
DA:153,0
DA:154,0
DA:155,0
DA:156,0
DA:157,0
DA:158,0
DA:159,0
DA:160,0
DA:162,1
DA:163,1
DA:164,1
DA:166,1
DA:167,4
DA:168,4
DA:169,4
DA:170,4
DA:171,4
DA:172,4
DA:173,4
DA:174,4
DA:175,4
DA:176,4
DA:177,4
DA:178,4
DA:180,4
DA:181,4
DA:182,4
DA:183,4
DA:184,4
DA:185,4
DA:186,4
DA:188,4
DA:189,4
DA:190,0
DA:191,0
DA:192,4
DA:193,4
DA:194,4
DA:195,4
DA:196,4
DA:197,4
DA:198,4
DA:200,4
DA:201,18
DA:202,18
DA:203,18
DA:204,18
DA:205,18
DA:206,18
DA:207,18
DA:208,18
DA:209,18
DA:210,18
DA:211,18
DA:213,18
DA:214,90
DA:215,90
DA:217,90
DA:218,90
DA:219,90
DA:220,9
DA:221,9
DA:222,9
DA:223,9
DA:224,90
DA:225,7
DA:226,7
DA:227,7
DA:228,7
DA:229,7
DA:230,7
DA:231,7
DA:232,90
DA:233,0
DA:234,0
DA:235,0
DA:236,0
DA:237,0
DA:238,0
DA:239,0
DA:240,90
DA:241,74
DA:242,90
DA:243,90
DA:244,18
DA:246,4
DA:247,24
DA:248,24
DA:249,120
DA:250,120
DA:251,1
DA:252,120
DA:253,12
DA:254,120
DA:255,11
DA:256,120
DA:257,0
DA:258,120
DA:259,96
DA:260,120
DA:261,24
DA:262,24
DA:263,24
DA:265,4
DA:266,4
DA:267,4
DA:268,4
DA:270,4
DA:271,4
DA:272,0
DA:273,0
DA:274,4
DA:275,3
DA:276,3
DA:277,3
DA:278,4
DA:279,3
DA:280,3
DA:282,4
DA:283,4
DA:285,4
DA:286,4
DA:287,4
DA:288,4
DA:290,4
DA:291,0
DA:292,0
DA:294,4
DA:295,4
DA:297,4
DA:298,4
DA:300,4
DA:301,4
DA:303,4
DA:304,24
DA:305,24
DA:306,18
DA:307,18
DA:308,18
DA:309,24
DA:311,4
DA:312,1
DA:313,1
DA:315,4
DA:316,18
DA:317,18
DA:318,4
DA:320,4
DA:321,4
DA:322,4
DA:323,4
DA:324,4
DA:325,4
DA:326,4
DA:327,4
DA:328,4
DA:329,4
DA:330,4
DA:331,4
DA:332,4
DA:333,4
DA:334,4
DA:335,4
DA:336,0
DA:337,0
DA:338,4
DA:339,4
DA:340,4
DA:341,4
DA:342,4
DA:343,4
DA:344,4
DA:345,4
DA:346,4
DA:347,4
LF:263
LH:228
BRDA:93,0,0,4
BRDA:95,1,0,0
BRDA:101,2,0,4
BRDA:102,3,0,0
BRDA:108,4,0,4
BRDA:109,5,0,24
BRDA:110,6,0,120
BRDA:114,7,0,4
BRDA:115,8,0,24
BRDA:117,9,0,120
BRDA:119,10,0,1
BRDA:119,11,0,119
BRDA:121,12,0,1
BRDA:127,13,0,6
BRDA:129,14,0,12
BRDA:130,15,0,24
BRDA:131,16,0,0
BRDA:136,17,0,0
BRDA:139,18,0,12
BRDA:140,19,0,1
BRDA:140,20,0,11
BRDA:162,21,0,1
BRDA:163,22,0,0
BRDA:163,23,0,0
BRDA:163,24,0,0
BRDA:163,25,0,0
BRDA:166,26,0,4
BRDA:180,27,0,4
BRDA:188,28,0,4
BRDA:189,29,0,0
BRDA:200,30,0,18
BRDA:213,31,0,90
BRDA:218,32,0,1
BRDA:219,33,0,9
BRDA:224,34,0,7
BRDA:232,35,0,0
BRDA:240,36,0,74
BRDA:246,37,0,24
BRDA:248,38,0,120
BRDA:250,39,0,1
BRDA:252,40,0,12
BRDA:254,41,0,11
BRDA:256,42,0,0
BRDA:258,43,0,96
BRDA:265,44,0,4
BRDA:267,45,0,0
BRDA:271,46,0,0
BRDA:274,47,0,3
BRDA:278,48,0,3
BRDA:285,49,0,4
BRDA:288,50,0,0
BRDA:290,51,0,0
BRDA:303,52,0,24
BRDA:305,53,0,18
BRDA:311,54,0,1
BRDA:313,55,0,3
BRDA:315,56,0,18
BRDA:317,57,0,3
BRDA:321,58,0,4
BRDA:324,59,0,0
BRDA:324,60,0,0
BRDA:330,61,0,4
BRDA:334,62,0,4
BRDA:335,63,0,0
BRDA:340,64,0,4
BRF:65
BRH:47
end_of_record
TN:
SF:src/storage/local.ts
FN:45,selectStorage
FN:59,isBoolean
FN:63,isNumber
FN:67,isString
FN:71,isSettings
FN:84,isControlTuning
FN:98,parsePayload
FN:117,isHighScoreEntry
FN:130,normalizeHighScores
FN:160,sanitizeHighScoreEntry
FN:175,prepareHighScorePayload
FN:190,createSettingsStore
FN:195,load
FN:203,save
FN:220,clear
FN:238,createHighScoresStore
FN:246,load
FN:263,persist
FN:276,save
FN:280,append
FN:285,clear
FN:304,migrateSettingsStore
FNF:22
FNH:21
FNDA:8,selectStorage
FNDA:4,isBoolean
FNDA:33,isNumber
FNDA:9,isString
FNDA:1,isSettings
FNDA:1,isControlTuning
FNDA:3,parsePayload
FNDA:10,isHighScoreEntry
FNDA:4,normalizeHighScores
FNDA:19,sanitizeHighScoreEntry
FNDA:4,prepareHighScorePayload
FNDA:4,createSettingsStore
FNDA:3,load
FNDA:2,save
FNDA:1,clear
FNDA:4,createHighScoresStore
FNDA:5,load
FNDA:4,persist
FNDA:2,save
FNDA:2,append
FNDA:1,clear
FNDA:0,migrateSettingsStore
DA:5,1
DA:6,1
DA:7,1
DA:45,8
DA:46,8
DA:47,8
DA:48,8
DA:49,0
DA:50,0
DA:51,0
DA:52,0
DA:53,0
DA:54,8
DA:55,0
DA:56,0
DA:57,8
DA:59,4
DA:60,4
DA:61,4
DA:63,33
DA:64,33
DA:65,33
DA:67,9
DA:68,9
DA:69,9
DA:71,1
DA:72,1
DA:73,0
DA:74,0
DA:75,1
DA:76,1
DA:77,1
DA:78,1
DA:79,1
DA:80,1
DA:82,1
DA:84,1
DA:85,1
DA:86,0
DA:87,0
DA:88,1
DA:89,1
DA:90,1
DA:91,1
DA:92,1
DA:93,1
DA:94,1
DA:96,1
DA:98,3
DA:99,3
DA:100,1
DA:101,1
DA:102,2
DA:103,2
DA:104,3
DA:105,1
DA:106,1
DA:107,1
DA:108,1
DA:109,1
DA:110,0
DA:111,3
DA:112,1
DA:113,1
DA:114,1
DA:115,1
DA:117,10
DA:118,10
DA:119,0
DA:120,0
DA:121,10
DA:122,10
DA:123,10
DA:124,9
DA:125,9
DA:126,9
DA:128,10
DA:130,4
DA:131,4
DA:132,4
DA:133,4
DA:134,4
DA:135,4
DA:136,0
DA:137,0
DA:138,0
DA:140,4
DA:142,4
DA:143,10
DA:144,1
DA:145,1
DA:146,1
DA:147,9
DA:148,9
DA:150,3
DA:151,6
DA:152,6
DA:153,6
DA:154,0
DA:155,3
DA:157,3
DA:158,3
DA:160,19
DA:161,19
DA:162,19
DA:163,19
DA:164,0
DA:165,0
DA:166,19
DA:167,19
DA:168,19
DA:169,19
DA:170,19
DA:171,19
DA:172,19
DA:173,19
DA:175,4
DA:176,4
DA:177,12
DA:178,12
DA:179,12
DA:180,0
DA:181,4
DA:183,4
DA:184,4
DA:185,4
DA:186,4
DA:187,4
DA:188,4
DA:190,1
DA:191,4
DA:192,4
DA:193,4
DA:195,4
DA:196,3
DA:197,0
DA:198,0
DA:199,3
DA:200,3
DA:201,3
DA:203,4
DA:204,2
DA:205,0
DA:206,0
DA:207,2
DA:208,2
DA:209,2
DA:210,2
DA:211,2
DA:212,2
DA:213,2
DA:214,2
DA:215,2
DA:216,0
DA:217,0
DA:218,2
DA:220,4
DA:221,1
DA:222,0
DA:223,0
DA:224,1
DA:225,1
DA:226,1
DA:227,0
DA:228,0
DA:229,1
DA:231,4
DA:232,4
DA:233,4
DA:234,4
DA:235,4
DA:236,4
DA:238,1
DA:239,4
DA:240,4
DA:241,4
DA:242,1
DA:243,3
DA:244,4
DA:246,4
DA:247,5
DA:248,0
DA:249,0
DA:250,5
DA:251,5
DA:252,1
DA:253,1
DA:254,4
DA:255,4
DA:256,4
DA:257,5
DA:258,0
DA:259,0
DA:260,0
DA:261,5
DA:263,4
DA:264,4
DA:265,4
DA:266,0
DA:267,0
DA:268,4
DA:269,4
DA:270,4
DA:271,0
DA:272,0
DA:273,4
DA:274,4
DA:276,4
DA:277,2
DA:278,2
DA:280,4
DA:281,2
DA:282,2
DA:283,2
DA:285,4
DA:286,1
DA:287,0
DA:288,0
DA:289,1
DA:290,1
DA:291,1
DA:292,0
DA:293,0
DA:294,1
DA:296,4
DA:297,4
DA:298,4
DA:299,4
DA:300,4
DA:301,4
DA:302,4
DA:304,0
DA:306,0
LF:233
LH:187
BRDA:45,0,0,8
BRDA:48,1,0,0
BRDA:54,2,0,0
BRDA:59,3,0,4
BRDA:63,4,0,33
BRDA:64,5,0,32
BRDA:67,6,0,9
BRDA:71,7,0,1
BRDA:72,8,0,0
BRDA:84,9,0,1
BRDA:85,10,0,0
BRDA:98,11,0,3
BRDA:99,12,0,1
BRDA:101,13,0,2
BRDA:104,14,0,1
BRDA:104,15,0,1
BRDA:109,16,0,0
BRDA:111,17,0,1
BRDA:117,18,0,10
BRDA:118,19,0,0
BRDA:123,20,0,9
BRDA:124,21,0,9
BRDA:125,22,0,9
BRDA:130,23,0,4
BRDA:135,24,0,0
BRDA:142,25,0,10
BRDA:143,26,0,1
BRDA:146,27,0,9
BRDA:148,28,0,3
BRDA:150,29,0,6
BRDA:153,30,0,0
BRDA:160,31,0,19
BRDA:163,32,0,0
BRDA:163,33,0,0
BRDA:166,34,0,0
BRDA:175,35,0,4
BRDA:176,36,0,12
BRDA:179,37,0,0
BRDA:186,38,0,10
BRDA:190,39,0,4
BRDA:192,40,0,0
BRDA:195,41,0,3
BRDA:196,42,0,0
BRDA:203,43,0,2
BRDA:204,44,0,0
BRDA:215,45,0,0
BRDA:220,46,0,1
BRDA:221,47,0,0
BRDA:226,48,0,0
BRDA:238,49,0,4
BRDA:240,50,0,0
BRDA:241,51,0,1
BRDA:241,52,0,1
BRDA:242,53,0,3
BRDA:246,54,0,5
BRDA:247,55,0,0
BRDA:251,56,0,1
BRDA:253,57,0,4
BRDA:257,58,0,0
BRDA:263,59,0,4
BRDA:265,60,0,0
BRDA:270,61,0,0
BRDA:276,62,0,2
BRDA:280,63,0,2
BRDA:285,64,0,1
BRDA:286,65,0,0
BRDA:291,66,0,0
BRF:67
BRH:42
end_of_record
TN:
SF:src/ui/app.ts
FN:89,createApp
FN:143,applySettings
FN:153,warn
FN:164,refreshSettingsPanelTuning
FN:172,refreshHighScores
FN:182,registerTestHarness
FN:189,pause
FN:192,resume
FN:195,forceGameOver
FN:203,getState
FN:218,persistSettingsState
FN:249,onSettingsChange
FN:253,onTuningChange
FN:258,onResetTuning
FN:263,onClearHighScores
FN:323,dispatchInput
FN:355,updateUi
FN:364,recordHighScoreIfNeeded
FN:402,destroy
FN:428,getTestWindow
FN:435,toRenderSnapshot
FN:445,buildLayout
FN:503,wireButtonInputs
FN:511,moveLeft
FN:512,moveRight
FN:513,softDrop
FN:514,hardDrop
FN:515,rotateCw
FN:516,rotateCcw
FN:517,hold
FN:518,pause
FN:519,resume
FN:531,listener
FNF:33
FNH:20
FNDA:7,createApp
FNDA:11,applySettings
FNDA:0,warn
FNDA:5,refreshSettingsPanelTuning
FNDA:5,refreshHighScores
FNDA:7,registerTestHarness
FNDA:0,pause
FNDA:0,resume
FNDA:0,forceGameOver
FNDA:0,getState
FNDA:8,persistSettingsState
FNDA:3,onSettingsChange
FNDA:1,onTuningChange
FNDA:1,onResetTuning
FNDA:1,onClearHighScores
FNDA:1,dispatchInput
FNDA:11,updateUi
FNDA:4,recordHighScoreIfNeeded
FNDA:7,destroy
FNDA:7,getTestWindow
FNDA:11,toRenderSnapshot
FNDA:7,buildLayout
FNDA:7,wireButtonInputs
FNDA:0,moveLeft
FNDA:0,moveRight
FNDA:0,softDrop
FNDA:1,hardDrop
FNDA:0,rotateCw
FNDA:0,rotateCcw
FNDA:0,hold
FNDA:0,pause
FNDA:0,resume
FNDA:1,listener
DA:1,1
DA:7,1
DA:12,1
DA:18,1
DA:19,1
DA:20,1
DA:21,1
DA:28,1
DA:29,1
DA:37,1
DA:53,1
DA:54,1
DA:55,1
DA:56,1
DA:57,1
DA:58,1
DA:60,1
DA:89,1
DA:90,7
DA:91,7
DA:92,0
DA:93,0
DA:95,7
DA:96,7
DA:97,7
DA:98,7
DA:99,7
DA:100,7
DA:101,7
DA:102,7
DA:103,7
DA:104,7
DA:105,7
DA:106,7
DA:107,7
DA:108,7
DA:109,7
DA:111,7
DA:113,7
DA:115,7
DA:116,7
DA:117,7
DA:118,7
DA:119,7
DA:120,7
DA:121,7
DA:122,7
DA:123,7
DA:124,7
DA:125,7
DA:126,7
DA:128,7
DA:129,7
DA:131,7
DA:132,7
DA:133,7
DA:134,7
DA:135,7
DA:137,7
DA:138,7
DA:139,7
DA:140,7
DA:141,7
DA:143,7
DA:144,11
DA:145,11
DA:146,11
DA:147,11
DA:148,11
DA:149,11
DA:150,11
DA:151,11
DA:153,7
DA:154,0
DA:155,0
DA:156,0
DA:157,0
DA:158,0
DA:159,0
DA:160,0
DA:161,0
DA:162,0
DA:164,7
DA:165,5
DA:166,0
DA:167,0
DA:168,5
DA:169,5
DA:170,5
DA:172,7
DA:173,5
DA:174,0
DA:175,0
DA:176,5
DA:177,5
DA:178,5
DA:179,5
DA:180,5
DA:182,7
DA:183,7
DA:184,7
DA:185,7
DA:186,7
DA:188,0
DA:189,0
DA:190,0
DA:191,0
DA:192,0
DA:193,0
DA:194,0
DA:195,0
DA:196,0
DA:197,0
DA:198,0
DA:199,0
DA:200,0
DA:201,0
DA:202,0
DA:203,0
DA:204,0
DA:205,0
DA:206,0
DA:208,0
DA:210,0
DA:211,0
DA:212,0
DA:213,0
DA:214,0
DA:215,0
DA:216,7
DA:218,7
DA:219,8
DA:220,0
DA:221,0
DA:222,8
DA:223,8
DA:224,8
DA:225,8
DA:226,8
DA:227,8
DA:228,8
DA:229,8
DA:230,0
DA:231,0
DA:232,8
DA:234,7
DA:236,7
DA:237,7
DA:238,7
DA:239,7
DA:241,7
DA:243,7
DA:244,7
DA:245,7
DA:246,7
DA:247,7
DA:248,7
DA:249,7
DA:250,3
DA:251,3
DA:252,3
DA:253,7
DA:254,1
DA:255,1
DA:256,1
DA:257,1
DA:258,7
DA:259,1
DA:260,1
DA:261,1
DA:262,1
DA:263,7
DA:264,1
DA:265,1
DA:266,1
DA:267,1
DA:268,0
DA:269,0
DA:270,1
DA:271,1
DA:272,0
DA:273,0
DA:274,1
DA:275,1
DA:276,7
DA:278,7
DA:279,7
DA:280,7
DA:281,7
DA:282,4
DA:283,4
DA:284,7
DA:285,1
DA:286,1
DA:287,1
DA:288,1
DA:289,3
DA:290,3
DA:291,7
DA:292,0
DA:293,0
DA:294,7
DA:296,7
DA:297,7
DA:298,7
DA:299,7
DA:300,4
DA:301,4
DA:302,3
DA:303,7
DA:304,0
DA:305,0
DA:306,7
DA:307,7
DA:308,7
DA:309,7
DA:310,7
DA:311,7
DA:312,7
DA:313,7
DA:314,7
DA:315,7
DA:316,7
DA:317,7
DA:318,7
DA:319,7
DA:320,7
DA:321,7
DA:323,7
DA:324,1
DA:325,1
DA:326,1
DA:328,7
DA:329,1
DA:330,7
DA:331,7
DA:333,7
DA:334,1
DA:335,1
DA:336,1
DA:337,7
DA:338,7
DA:340,7
DA:341,2
DA:342,2
DA:343,7
DA:344,7
DA:346,7
DA:347,7
DA:348,7
DA:349,7
DA:350,7
DA:352,7
DA:353,7
DA:355,7
DA:356,11
DA:357,11
DA:358,11
DA:359,11
DA:360,11
DA:362,7
DA:364,7
DA:365,4
DA:366,0
DA:367,0
DA:368,4
DA:369,3
DA:370,3
DA:371,1
DA:372,4
DA:373,0
DA:374,0
DA:375,1
DA:376,1
DA:377,1
DA:378,1
DA:379,1
DA:380,1
DA:381,1
DA:382,4
DA:383,0
DA:384,0
DA:385,1
DA:386,4
DA:387,0
DA:388,0
DA:389,4
DA:391,7
DA:392,4
DA:393,4
DA:394,4
DA:395,7
DA:396,7
DA:398,7
DA:399,7
DA:401,7
DA:402,7
DA:403,7
DA:404,0
DA:405,0
DA:406,7
DA:407,7
DA:408,63
DA:409,63
DA:410,63
DA:411,0
DA:412,0
DA:413,63
DA:414,7
DA:415,7
DA:416,7
DA:417,7
DA:418,7
DA:419,7
DA:420,7
DA:421,7
DA:428,7
DA:429,7
DA:430,0
DA:431,0
DA:432,7
DA:433,7
DA:435,11
DA:436,11
DA:437,11
DA:438,11
DA:439,11
DA:440,11
DA:441,11
DA:442,11
DA:443,11
DA:445,7
DA:446,7
DA:447,7
DA:449,7
DA:450,7
DA:452,7
DA:453,7
DA:455,7
DA:456,7
DA:457,7
DA:459,7
DA:460,7
DA:462,7
DA:463,7
DA:464,7
DA:466,7
DA:467,7
DA:468,7
DA:469,7
DA:470,7
DA:471,7
DA:472,7
DA:473,7
DA:474,7
DA:475,7
DA:476,7
DA:478,7
DA:479,63
DA:480,63
DA:481,63
DA:482,63
DA:483,63
DA:484,63
DA:485,63
DA:487,7
DA:488,7
DA:489,7
DA:491,7
DA:492,7
DA:494,7
DA:495,7
DA:497,7
DA:498,7
DA:500,7
DA:501,7
DA:503,7
DA:504,7
DA:505,7
DA:506,7
DA:507,7
DA:508,7
DA:510,7
DA:511,7
DA:512,7
DA:513,7
DA:514,7
DA:515,7
DA:516,7
DA:517,7
DA:518,7
DA:519,7
DA:520,7
DA:522,7
DA:523,63
DA:524,63
DA:525,0
DA:526,0
DA:527,63
DA:528,63
DA:529,0
DA:530,0
DA:531,63
DA:532,1
DA:533,1
DA:534,1
DA:535,1
DA:536,1
DA:537,1
DA:538,0
DA:539,0
DA:540,1
DA:541,1
DA:542,63
DA:543,63
DA:544,7
DA:546,7
DA:547,7
DA:548,63
DA:549,63
DA:550,7
DA:551,7
LF:422
LH:349
BRDA:89,0,0,7
BRDA:91,1,0,0
BRDA:96,2,0,0
BRDA:97,3,0,0
BRDA:99,4,0,0
BRDA:100,5,0,0
BRDA:102,6,0,0
BRDA:104,7,0,0
BRDA:106,8,0,0
BRDA:108,9,0,0
BRDA:348,10,0,0
BRDA:348,11,0,0
BRDA:132,12,0,7
BRDA:143,13,0,11
BRDA:145,14,0,10
BRDA:145,15,0,1
BRDA:146,16,0,1
BRDA:146,17,0,10
BRDA:147,18,0,10
BRDA:147,19,0,1
BRDA:148,20,0,2
BRDA:148,21,0,9
BRDA:164,22,0,5
BRDA:165,23,0,0
BRDA:172,24,0,5
BRDA:173,25,0,0
BRDA:177,26,0,2
BRDA:177,27,0,3
BRDA:182,28,0,7
BRDA:186,29,0,0
BRDA:218,30,0,8
BRDA:219,31,0,0
BRDA:229,32,0,0
BRDA:249,33,0,3
BRDA:253,34,0,1
BRDA:258,35,0,1
BRDA:263,36,0,1
BRDA:264,37,0,1
BRDA:267,38,0,0
BRDA:271,39,0,0
BRDA:278,40,0,7
BRDA:281,41,0,4
BRDA:283,42,0,3
BRDA:284,43,0,1
BRDA:288,44,0,3
BRDA:291,45,0,0
BRDA:296,46,0,7
BRDA:299,47,0,4
BRDA:301,48,0,3
BRDA:303,49,0,0
BRDA:307,50,0,7
BRDA:310,51,0,7
BRDA:313,52,0,7
BRDA:319,53,0,7
BRDA:323,54,0,1
BRDA:328,55,0,1
BRDA:333,56,0,1
BRDA:340,57,0,2
BRDA:355,58,0,11
BRDA:364,59,0,4
BRDA:365,60,0,0
BRDA:368,61,0,1
BRDA:368,62,0,3
BRDA:370,63,0,1
BRDA:372,64,0,0
BRDA:374,65,0,1
BRDA:382,66,0,0
BRDA:384,67,0,1
BRDA:386,68,0,0
BRDA:391,69,0,4
BRDA:402,70,0,7
BRDA:403,71,0,0
BRDA:407,72,0,63
BRDA:410,73,0,0
BRDA:428,74,0,7
BRDA:429,75,0,0
BRDA:435,76,0,11
BRDA:445,77,0,7
BRDA:478,78,0,63
BRDA:503,79,0,7
BRDA:514,80,0,1
BRDA:522,81,0,63
BRDA:524,82,0,0
BRDA:528,83,0,0
BRDA:531,84,0,1
BRDA:537,85,0,0
BRDA:546,86,0,7
BRDA:547,87,0,63
BRF:88
BRH:58
end_of_record
TN:
SF:src/ui/debug-overlay.ts
FN:24,createDebugOverlay
FN:67,updateFrameMetrics
FN:75,recordFrame
FN:95,updateLock
FN:107,update
FN:114,setVisible
FN:132,destroy
FN:149,createMetric
FNF:8
FNH:8
FNDA:9,createDebugOverlay
FNDA:15,updateFrameMetrics
FNDA:6,recordFrame
FNDA:13,updateLock
FNDA:13,update
FNDA:14,setVisible
FNDA:9,destroy
FNDA:54,createMetric
DA:24,1
DA:25,9
DA:26,9
DA:27,0
DA:28,0
DA:30,9
DA:31,9
DA:32,9
DA:33,9
DA:34,9
DA:35,9
DA:36,9
DA:38,9
DA:39,9
DA:40,9
DA:41,9
DA:43,9
DA:44,9
DA:45,9
DA:47,9
DA:48,9
DA:49,9
DA:50,9
DA:51,9
DA:52,9
DA:53,9
DA:54,9
DA:56,9
DA:57,9
DA:58,9
DA:59,9
DA:60,9
DA:62,9
DA:63,9
DA:64,9
DA:65,9
DA:67,9
DA:68,15
DA:69,15
DA:70,15
DA:71,15
DA:72,15
DA:73,15
DA:75,9
DA:76,6
DA:77,0
DA:78,0
DA:79,6
DA:80,6
DA:81,1
DA:82,1
DA:83,1
DA:84,5
DA:85,5
DA:86,6
DA:87,0
DA:88,0
DA:89,0
DA:90,0
DA:91,0
DA:92,5
DA:93,6
DA:95,9
DA:96,13
DA:97,13
DA:98,11
DA:99,11
DA:100,11
DA:101,2
DA:102,2
DA:103,2
DA:104,2
DA:105,13
DA:107,9
DA:108,13
DA:109,13
DA:110,13
DA:111,13
DA:112,13
DA:114,9
DA:115,14
DA:116,14
DA:117,14
DA:118,4
DA:119,4
DA:120,4
DA:121,4
DA:122,4
DA:123,14
DA:124,10
DA:125,10
DA:126,3
DA:127,3
DA:128,10
DA:129,10
DA:130,14
DA:132,9
DA:133,9
DA:134,1
DA:135,1
DA:136,9
DA:137,9
DA:139,9
DA:141,9
DA:142,9
DA:143,9
DA:144,9
DA:145,9
DA:146,9
DA:147,9
DA:149,54
DA:150,54
DA:151,54
DA:152,54
DA:154,54
DA:155,54
DA:156,54
DA:157,54
DA:159,54
DA:160,54
DA:161,54
LF:121
LH:112
BRDA:24,0,0,9
BRDA:26,1,0,0
BRDA:56,2,0,8
BRDA:67,3,0,15
BRDA:69,4,0,9
BRDA:69,5,0,6
BRDA:70,6,0,6
BRDA:70,7,0,9
BRDA:72,8,0,5
BRDA:72,9,0,10
BRDA:75,10,0,6
BRDA:76,11,0,0
BRDA:80,12,0,1
BRDA:83,13,0,5
BRDA:86,14,0,0
BRDA:91,15,0,5
BRDA:95,16,0,13
BRDA:97,17,0,12
BRDA:97,18,0,11
BRDA:100,19,0,2
BRDA:107,20,0,13
BRDA:114,21,0,14
BRDA:115,22,0,4
BRDA:115,23,0,10
BRDA:117,24,0,4
BRDA:123,25,0,10
BRDA:125,26,0,3
BRDA:125,27,0,3
BRDA:132,28,0,9
BRDA:133,29,0,1
BRDA:133,30,0,1
BRDA:149,31,0,54
BRF:32
BRH:29
end_of_record
TN:
SF:src/ui/hud.ts
FNF:0
FNH:0
DA:1,1
LF:1
LH:1
BRF:0
BRH:0
end_of_record
TN:
SF:src/ui/hud.tsx
FN:22,createHud
FN:117,updateStats
FN:128,updateHold
FN:147,updateNext
FN:167,update
FN:179,destroy
FN:195,createStat
FN:216,createPreviewGrid
FN:236,renderPieceIntoGrid
FN:268,mapPhaseToLabel
FNF:10
FNH:10
FNDA:11,createHud
FNDA:21,updateStats
FNDA:21,updateHold
FNDA:21,updateNext
FNDA:21,update
FNDA:11,destroy
FNDA:66,createStat
FNDA:33,createPreviewGrid
FNDA:65,renderPieceIntoGrid
FNDA:21,mapPhaseToLabel
DA:2,1
DA:18,1
DA:19,1
DA:20,1
DA:22,1
DA:23,11
DA:24,11
DA:25,0
DA:26,0
DA:28,11
DA:29,11
DA:30,11
DA:32,11
DA:33,11
DA:35,11
DA:36,11
DA:37,11
DA:38,11
DA:39,11
DA:40,11
DA:42,11
DA:43,11
DA:44,11
DA:45,11
DA:46,11
DA:47,11
DA:48,11
DA:49,11
DA:51,11
DA:52,11
DA:54,11
DA:55,11
DA:56,11
DA:58,11
DA:59,11
DA:60,11
DA:61,11
DA:62,11
DA:63,11
DA:64,11
DA:65,11
DA:67,11
DA:68,11
DA:69,44
DA:70,176
DA:71,176
DA:72,176
DA:73,176
DA:74,176
DA:75,176
DA:76,176
DA:77,44
DA:79,11
DA:80,11
DA:82,11
DA:83,11
DA:85,11
DA:86,11
DA:87,11
DA:88,11
DA:90,11
DA:91,11
DA:92,33
DA:93,33
DA:94,33
DA:95,33
DA:96,33
DA:97,33
DA:99,33
DA:100,33
DA:101,33
DA:102,33
DA:104,11
DA:106,11
DA:107,11
DA:108,11
DA:109,11
DA:110,11
DA:111,11
DA:113,11
DA:115,11
DA:117,11
DA:118,21
DA:119,21
DA:120,21
DA:121,21
DA:122,21
DA:123,21
DA:125,21
DA:126,21
DA:128,11
DA:129,21
DA:130,21
DA:132,21
DA:133,21
DA:134,21
DA:136,21
DA:137,336
DA:138,336
DA:140,21
DA:141,19
DA:142,19
DA:144,2
DA:145,21
DA:147,11
DA:148,21
DA:150,21
DA:151,63
DA:152,63
DA:153,63
DA:155,63
DA:156,1008
DA:157,1008
DA:159,63
DA:160,0
DA:161,0
DA:163,63
DA:164,63
DA:165,21
DA:167,11
DA:168,21
DA:169,0
DA:170,0
DA:171,21
DA:172,18
DA:173,18
DA:174,21
DA:175,21
DA:176,21
DA:177,21
DA:179,11
DA:180,11
DA:181,0
DA:182,0
DA:183,11
DA:184,11
DA:185,11
DA:186,11
DA:187,11
DA:189,11
DA:190,11
DA:191,11
DA:192,11
DA:193,11
DA:195,66
DA:196,66
DA:197,66
DA:199,66
DA:200,66
DA:201,66
DA:203,66
DA:204,66
DA:205,66
DA:206,66
DA:208,66
DA:210,66
DA:211,66
DA:212,66
DA:213,66
DA:214,66
DA:216,33
DA:217,33
DA:218,33
DA:219,33
DA:220,33
DA:221,33
DA:222,33
DA:223,33
DA:224,132
DA:225,528
DA:226,528
DA:227,528
DA:228,528
DA:229,528
DA:230,528
DA:231,528
DA:232,132
DA:233,33
DA:234,33
DA:236,65
DA:237,65
DA:238,65
DA:239,65
DA:240,65
DA:241,65
DA:242,65
DA:243,65
DA:244,65
DA:245,65
DA:247,65
DA:248,110
DA:249,310
DA:250,50
DA:251,50
DA:253,260
DA:254,260
DA:255,310
DA:256,0
DA:257,0
DA:259,260
DA:260,260
DA:261,260
DA:262,260
DA:263,260
DA:264,310
DA:265,110
DA:266,65
DA:268,21
DA:269,21
DA:270,21
DA:271,5
DA:272,21
DA:273,0
DA:274,21
DA:275,3
DA:276,21
DA:277,21
DA:278,13
DA:279,21
DA:280,21
LF:220
LH:209
BRDA:22,0,0,11
BRDA:24,1,0,0
BRDA:68,2,0,44
BRDA:69,3,0,176
BRDA:91,4,0,33
BRDA:117,5,0,21
BRDA:128,6,0,21
BRDA:130,7,0,20
BRDA:132,8,0,19
BRDA:133,9,0,17
BRDA:133,10,0,4
BRDA:134,11,0,17
BRDA:134,12,0,4
BRDA:136,13,0,336
BRDA:140,14,0,19
BRDA:142,15,0,2
BRDA:147,16,0,21
BRDA:148,17,0,0
BRDA:150,18,0,63
BRDA:151,19,0,0
BRDA:153,20,0,0
BRDA:155,21,0,1008
BRDA:159,22,0,0
BRDA:167,23,0,21
BRDA:168,24,0,0
BRDA:171,25,0,18
BRDA:171,26,0,18
BRDA:171,27,0,18
BRDA:179,28,0,11
BRDA:180,29,0,0
BRDA:195,30,0,66
BRDA:216,31,0,33
BRDA:223,32,0,132
BRDA:224,33,0,528
BRDA:236,34,0,65
BRDA:243,35,0,0
BRDA:247,36,0,110
BRDA:248,37,0,310
BRDA:249,38,0,50
BRDA:251,39,0,260
BRDA:255,40,0,260
BRDA:255,41,0,260
BRDA:255,42,0,0
BRDA:257,43,0,260
BRDA:268,44,0,21
BRDA:270,45,0,5
BRDA:272,46,0,0
BRDA:274,47,0,3
BRDA:276,48,0,13
BRDA:277,49,0,13
BRF:50
BRH:40
end_of_record
TN:
SF:src/ui/settings-panel.ts
FN:42,createSettingsPanel
FN:74,addListener
FN:79,emitSettingsChange
FN:87,emitTuningChange
FN:235,applySettings
FN:248,applyTuning
FN:261,renderHighScores
FN:284,formatTimestamp
FN:296,update
FN:307,destroy
FNF:10
FNH:10
FNDA:8,createSettingsPanel
FNDA:88,addListener
FNDA:2,emitSettingsChange
FNDA:2,emitTuningChange
FNDA:1,applySettings
FNDA:1,applyTuning
FNDA:9,renderHighScores
FNDA:17,formatTimestamp
FNDA:3,update
FNDA:1,destroy
DA:42,1
DA:43,8
DA:45,8
DA:46,8
DA:47,8
DA:49,8
DA:50,8
DA:52,8
DA:53,8
DA:54,8
DA:56,8
DA:57,8
DA:59,8
DA:60,8
DA:61,8
DA:62,8
DA:63,8
DA:64,8
DA:66,8
DA:67,8
DA:68,8
DA:69,8
DA:70,8
DA:71,8
DA:72,8
DA:74,8
DA:75,88
DA:76,88
DA:77,88
DA:79,8
DA:80,2
DA:81,0
DA:82,0
DA:83,2
DA:84,2
DA:85,2
DA:87,8
DA:88,2
DA:89,0
DA:90,0
DA:91,2
DA:92,2
DA:93,2
DA:94,0
DA:95,0
DA:96,2
DA:97,2
DA:98,2
DA:100,8
DA:101,8
DA:102,8
DA:104,8
DA:105,32
DA:106,32
DA:108,32
DA:109,32
DA:110,32
DA:111,32
DA:113,32
DA:114,2
DA:115,32
DA:117,32
DA:118,32
DA:120,32
DA:121,32
DA:122,32
DA:123,32
DA:125,8
DA:126,8
DA:127,8
DA:129,8
DA:130,40
DA:131,40
DA:133,40
DA:134,40
DA:136,40
DA:137,40
DA:138,40
DA:139,40
DA:141,40
DA:142,40
DA:143,40
DA:144,40
DA:145,0
DA:146,0
DA:148,40
DA:149,2
DA:150,2
DA:151,2
DA:152,2
DA:153,0
DA:154,0
DA:155,0
DA:156,2
DA:157,2
DA:158,2
DA:159,2
DA:160,40
DA:162,40
DA:163,40
DA:164,40
DA:165,40
DA:167,8
DA:168,8
DA:169,8
DA:170,8
DA:171,8
DA:172,1
DA:173,8
DA:174,8
DA:176,8
DA:177,8
DA:179,8
DA:180,8
DA:181,8
DA:182,8
DA:184,8
DA:185,8
DA:186,8
DA:187,8
DA:189,8
DA:190,8
DA:191,8
DA:192,8
DA:193,8
DA:195,8
DA:196,8
DA:197,8
DA:198,8
DA:199,8
DA:200,8
DA:201,1
DA:202,8
DA:203,8
DA:205,8
DA:207,8
DA:208,8
DA:209,8
DA:211,8
DA:212,8
DA:213,8
DA:214,8
DA:216,8
DA:217,8
DA:219,8
DA:220,8
DA:221,8
DA:222,8
DA:223,8
DA:224,8
DA:226,8
DA:227,32
DA:228,32
DA:229,32
DA:230,32
DA:232,8
DA:233,8
DA:235,8
DA:236,1
DA:237,0
DA:238,0
DA:239,1
DA:240,1
DA:241,4
DA:242,4
DA:243,4
DA:244,4
DA:245,4
DA:246,1
DA:248,8
DA:249,1
DA:250,0
DA:251,0
DA:252,1
DA:253,1
DA:254,5
DA:255,5
DA:256,5
DA:257,5
DA:258,5
DA:259,1
DA:261,8
DA:262,9
DA:263,9
DA:265,9
DA:266,0
DA:267,0
DA:268,0
DA:269,0
DA:271,9
DA:272,9
DA:274,9
DA:275,17
DA:276,17
DA:277,17
DA:278,17
DA:279,17
DA:280,17
DA:281,9
DA:282,9
DA:284,8
DA:285,17
DA:286,17
DA:287,0
DA:288,0
DA:289,17
DA:290,17
DA:291,17
DA:293,8
DA:295,8
DA:296,8
DA:297,3
DA:298,1
DA:299,1
DA:300,3
DA:301,1
DA:302,1
DA:303,3
DA:304,1
DA:305,1
DA:306,3
DA:307,8
DA:308,1
DA:309,0
DA:310,0
DA:311,1
DA:312,1
DA:313,11
DA:314,11
DA:315,11
DA:317,0
DA:318,11
DA:319,1
DA:320,1
DA:321,1
DA:322,1
DA:323,8
DA:325,8
DA:326,8
LF:239
LH:215
BRDA:42,0,0,8
BRDA:104,1,0,32
BRDA:129,2,0,40
BRDA:144,3,0,0
BRDA:226,4,0,32
BRDA:74,5,0,88
BRDA:76,6,0,11
BRDA:79,7,0,2
BRDA:80,8,0,0
BRDA:87,9,0,2
BRDA:88,10,0,0
BRDA:93,11,0,0
BRDA:113,12,0,2
BRDA:148,13,0,2
BRDA:152,14,0,0
BRDA:171,15,0,1
BRDA:200,16,0,1
BRDA:235,17,0,1
BRDA:236,18,0,0
BRDA:240,19,0,4
BRDA:248,20,0,1
BRDA:249,21,0,0
BRDA:253,22,0,5
BRDA:261,23,0,9
BRDA:265,24,0,0
BRDA:274,25,0,17
BRDA:284,26,0,17
BRDA:286,27,0,0
BRDA:296,28,0,3
BRDA:297,29,0,1
BRDA:300,30,0,1
BRDA:303,31,0,1
BRDA:307,32,0,1
BRDA:308,33,0,0
BRDA:312,34,0,11
BRDA:315,35,0,0
BRF:36
BRH:25
end_of_record
TN:
SF:src/ui/touch-feedback.ts
FN:56,createTouchFeedback
FN:106,clearActiveState
FN:114,activateGesture
FN:129,gestureFromInput
FN:151,signal
FN:158,destroy
FNF:6
FNH:6
FNDA:7,createTouchFeedback
FNDA:28,clearActiveState
FNDA:2,activateGesture
FNDA:2,gestureFromInput
FNDA:2,signal
FNDA:7,destroy
DA:22,1
DA:23,1
DA:24,1
DA:25,1
DA:26,1
DA:27,1
DA:28,1
DA:29,1
DA:30,1
DA:31,1
DA:32,1
DA:33,1
DA:34,1
DA:35,1
DA:36,1
DA:37,1
DA:38,1
DA:39,1
DA:40,1
DA:41,1
DA:42,1
DA:43,1
DA:44,1
DA:45,1
DA:46,1
DA:47,1
DA:54,1
DA:56,1
DA:57,7
DA:58,7
DA:60,7
DA:61,7
DA:62,7
DA:64,7
DA:65,7
DA:66,7
DA:67,7
DA:69,7
DA:70,7
DA:71,7
DA:72,7
DA:74,7
DA:76,7
DA:77,28
DA:78,28
DA:79,28
DA:81,28
DA:82,28
DA:83,28
DA:84,28
DA:86,28
DA:87,28
DA:89,28
DA:90,28
DA:91,28
DA:93,28
DA:94,28
DA:95,28
DA:97,28
DA:98,28
DA:99,28
DA:101,28
DA:102,28
DA:104,7
DA:106,7
DA:107,28
DA:108,2
DA:109,2
DA:110,2
DA:111,28
DA:112,28
DA:114,7
DA:115,2
DA:116,2
DA:117,0
DA:118,0
DA:119,2
DA:120,2
DA:121,0
DA:122,0
DA:123,2
DA:124,0
DA:125,0
DA:126,2
DA:127,2
DA:129,7
DA:130,2
DA:131,2
DA:132,0
DA:133,0
DA:134,0
DA:135,0
DA:136,2
DA:137,0
DA:138,2
DA:139,1
DA:140,0
DA:141,0
DA:142,1
DA:143,2
DA:144,1
DA:145,2
DA:146,0
DA:147,2
DA:148,2
DA:150,7
DA:151,7
DA:152,2
DA:153,2
DA:154,0
DA:155,0
DA:156,2
DA:157,2
DA:158,7
DA:159,7
DA:160,28
DA:161,7
DA:162,7
DA:163,7
DA:164,7
DA:165,7
DA:166,7
DA:167,7
DA:168,7
LF:124
LH:108
BRDA:56,0,0,7
BRDA:76,1,0,28
BRDA:106,2,0,28
BRDA:107,3,0,2
BRDA:114,4,0,2
BRDA:116,5,0,0
BRDA:120,6,0,0
BRDA:129,7,0,2
BRDA:131,8,0,0
BRDA:136,9,0,0
BRDA:138,10,0,1
BRDA:139,11,0,0
BRDA:143,12,0,1
BRDA:145,13,0,0
BRDA:151,14,0,2
BRDA:153,15,0,0
BRDA:158,16,0,7
BRDA:159,17,0,28
BRF:18
BRH:11
end_of_record
TN:
SF:src/utils/raf-loop.ts
FN:22,createRafLoop
FN:31,dispatch
FN:37,cancelScheduledFrame
FN:44,scheduleNextFrame
FN:51,handleFrame
FN:70,start
FN:80,stop
FN:90,pause
FN:98,resume
FN:106,subscribe
FN:124,getSnapshot
FNF:11
FNH:11
FNDA:3,createRafLoop
FNDA:8,dispatch
FNDA:3,cancelScheduledFrame
FNDA:12,scheduleNextFrame
FNDA:8,handleFrame
FNDA:3,start
FNDA:1,stop
FNDA:1,pause
FNDA:1,resume
FNDA:3,subscribe
FNDA:5,getSnapshot
DA:22,1
DA:23,3
DA:25,3
DA:26,3
DA:27,3
DA:28,3
DA:29,3
DA:31,3
DA:32,8
DA:33,8
DA:34,8
DA:35,8
DA:37,3
DA:38,3
DA:39,3
DA:40,3
DA:41,3
DA:42,3
DA:44,3
DA:45,12
DA:46,0
DA:47,0
DA:48,12
DA:49,12
DA:51,3
DA:52,8
DA:54,8
DA:55,0
DA:56,0
DA:57,0
DA:58,0
DA:60,8
DA:61,8
DA:62,8
DA:64,8
DA:66,8
DA:67,8
DA:69,3
DA:70,3
DA:71,3
DA:72,0
DA:73,0
DA:74,3
DA:75,3
DA:76,3
DA:77,3
DA:78,3
DA:79,3
DA:80,3
DA:81,1
DA:82,0
DA:83,0
DA:84,1
DA:85,1
DA:86,1
DA:87,1
DA:88,1
DA:89,1
DA:90,3
DA:91,1
DA:92,0
DA:93,0
DA:94,1
DA:95,1
DA:96,1
DA:97,1
DA:98,3
DA:99,1
DA:100,0
DA:101,0
DA:102,1
DA:103,1
DA:104,1
DA:105,1
DA:106,3
DA:107,3
DA:108,3
DA:109,0
DA:110,0
DA:111,3
DA:112,3
DA:113,1
DA:114,0
DA:115,0
DA:116,1
DA:117,1
DA:118,1
DA:119,1
DA:120,1
DA:121,1
DA:122,1
DA:123,3
DA:124,3
DA:125,5
DA:126,5
DA:127,5
DA:128,5
DA:129,5
DA:130,5
DA:131,3
DA:132,3
LF:101
LH:83
BRDA:22,0,0,3
BRDA:31,1,0,8
BRDA:37,2,0,3
BRDA:44,3,0,12
BRDA:45,4,0,0
BRDA:51,5,0,8
BRDA:54,6,0,0
BRDA:60,7,0,4
BRDA:60,8,0,4
BRDA:70,9,0,3
BRDA:71,10,0,0
BRDA:80,11,0,1
BRDA:81,12,0,0
BRDA:90,13,0,1
BRDA:91,14,0,0
BRDA:98,15,0,1
BRDA:99,16,0,0
BRDA:106,17,0,3
BRDA:108,18,0,0
BRDA:108,19,0,0
BRDA:112,20,0,1
BRDA:113,21,0,0
BRDA:124,22,0,5
BRF:23
BRH:14
end_of_record
